Using pre-set license
Built from '2022.3/staging' branch; Version is '2022.3.9f1 (ea401c316338) revision 15351836'; Using compiler version '192829333'; Build Type 'Release'
OS: 'Windows 11  (10.0.22621) 64bit Core' Language: 'ko' Physical Memory: 7891 MB
BatchMode: 1, IsHumanControllingUs: 0, StartBugReporterOnCrash: 0, Is64bit: 1, IsPro: 1

COMMAND LINE ARGUMENTS:
C:\Program Files\Unity\Hub\Editor\2022.3.9f1\Editor\Unity.exe
-adb2
-batchMode
-noUpm
-name
AssetImportWorker2
-projectPath
C:/Users/82104/Desktop/Save-the-Part-Timer-
-logFile
Logs/AssetImportWorker2.log
-srvPort
50321
Successfully changed project path to: C:/Users/82104/Desktop/Save-the-Part-Timer-
C:/Users/82104/Desktop/Save-the-Part-Timer-
[UnityMemory] Configuration Parameters - Can be set up in boot.config
    "memorysetup-bucket-allocator-granularity=16"
    "memorysetup-bucket-allocator-bucket-count=8"
    "memorysetup-bucket-allocator-block-size=33554432"
    "memorysetup-bucket-allocator-block-count=8"
    "memorysetup-main-allocator-block-size=16777216"
    "memorysetup-thread-allocator-block-size=16777216"
    "memorysetup-gfx-main-allocator-block-size=16777216"
    "memorysetup-gfx-thread-allocator-block-size=16777216"
    "memorysetup-cache-allocator-block-size=4194304"
    "memorysetup-typetree-allocator-block-size=2097152"
    "memorysetup-profiler-bucket-allocator-granularity=16"
    "memorysetup-profiler-bucket-allocator-bucket-count=8"
    "memorysetup-profiler-bucket-allocator-block-size=33554432"
    "memorysetup-profiler-bucket-allocator-block-count=8"
    "memorysetup-profiler-allocator-block-size=16777216"
    "memorysetup-profiler-editor-allocator-block-size=1048576"
    "memorysetup-temp-allocator-size-main=16777216"
    "memorysetup-job-temp-allocator-block-size=2097152"
    "memorysetup-job-temp-allocator-block-size-background=1048576"
    "memorysetup-job-temp-allocator-reduction-small-platforms=262144"
    "memorysetup-allocator-temp-initial-block-size-main=262144"
    "memorysetup-allocator-temp-initial-block-size-worker=262144"
    "memorysetup-temp-allocator-size-background-worker=32768"
    "memorysetup-temp-allocator-size-job-worker=262144"
    "memorysetup-temp-allocator-size-preload-manager=33554432"
    "memorysetup-temp-allocator-size-nav-mesh-worker=65536"
    "memorysetup-temp-allocator-size-audio-worker=65536"
    "memorysetup-temp-allocator-size-cloud-worker=32768"
    "memorysetup-temp-allocator-size-gi-baking-worker=262144"
    "memorysetup-temp-allocator-size-gfx=262144"
Player connection [5260] Host "[IP] 192.168.123.103 [Port] 0 [Flags] 2 [Guid] 3557354909 [EditorId] 3557354909 [Version] 1048832 [Id] WindowsEditor(7,LAPTOP-3EOGRD3V) [Debug] 1 [PackageName] WindowsEditor [ProjectName] Editor" joined multi-casting on [225.0.0.222:54997]...

Player connection [5260] Host "[IP] 192.168.123.103 [Port] 0 [Flags] 2 [Guid] 3557354909 [EditorId] 3557354909 [Version] 1048832 [Id] WindowsEditor(7,LAPTOP-3EOGRD3V) [Debug] 1 [PackageName] WindowsEditor [ProjectName] Editor" joined alternative multi-casting on [225.0.0.222:34997]...

[Physics::Module] Initialized MultithreadedJobDispatcher with 11 workers.
Refreshing native plugins compatible for Editor in 45.37 ms, found 4 plugins.
Preloading 0 native plugins for Editor in 0.00 ms.
Initialize engine version: 2022.3.9f1 (ea401c316338)
[Subsystems] Discovering subsystems at path C:/Program Files/Unity/Hub/Editor/2022.3.9f1/Editor/Data/Resources/UnitySubsystems
[Subsystems] Discovering subsystems at path C:/Users/82104/Desktop/Save-the-Part-Timer-/Assets
GfxDevice: creating device client; threaded=0; jobified=0
Direct3D:
    Version:  Direct3D 11.0 [level 11.1]
    Renderer: Intel(R) Iris(R) Xe Graphics (ID=0x46a8)
    Vendor:   Intel
    VRAM:     3945 MB
    Driver:   30.0.101.2079
Initialize mono
Mono path[0] = 'C:/Program Files/Unity/Hub/Editor/2022.3.9f1/Editor/Data/Managed'
Mono path[1] = 'C:/Program Files/Unity/Hub/Editor/2022.3.9f1/Editor/Data/MonoBleedingEdge/lib/mono/unityjit-win32'
Mono config path = 'C:/Program Files/Unity/Hub/Editor/2022.3.9f1/Editor/Data/MonoBleedingEdge/etc'
Using monoOptions --debugger-agent=transport=dt_socket,embedding=1,server=y,suspend=n,address=127.0.0.1:56992
Begin MonoManager ReloadAssembly
Registering precompiled unity dll's ...
Register platform support module: C:/Program Files/Unity/Hub/Editor/2022.3.9f1/Editor/Data/PlaybackEngines/WindowsStandaloneSupport/UnityEditor.WindowsStandalone.Extensions.dll
Registered in 0.028082 seconds.
- Loaded All Assemblies, in  0.550 seconds
Native extension for WindowsStandalone target not found
Mono: successfully reloaded assembly
- Finished resetting the current domain, in  0.362 seconds
Domain Reload Profiling: 907ms
	BeginReloadAssembly (191ms)
		ExecutionOrderSort (0ms)
		DisableScriptedObjects (0ms)
		BackupInstance (0ms)
		ReleaseScriptingObjects (0ms)
		CreateAndSetChildDomain (1ms)
	RebuildCommonClasses (49ms)
	RebuildNativeTypeToScriptingClass (15ms)
	initialDomainReloadingComplete (108ms)
	LoadAllAssembliesAndSetupDomain (181ms)
		LoadAssemblies (185ms)
		RebuildTransferFunctionScriptingTraits (0ms)
		AnalyzeDomain (177ms)
			TypeCache.Refresh (175ms)
				TypeCache.ScanAssembly (160ms)
			ScanForSourceGeneratedMonoScriptInfo (0ms)
			ResolveRequiredComponents (1ms)
	FinalizeReload (363ms)
		ReleaseScriptCaches (0ms)
		RebuildScriptCaches (0ms)
		SetupLoadedEditorAssemblies (286ms)
			LogAssemblyErrors (0ms)
			InitializePlatformSupportModulesInManaged (17ms)
			SetLoadedEditorAssemblies (10ms)
			RefreshPlugins (0ms)
			BeforeProcessingInitializeOnLoad (2ms)
			ProcessInitializeOnLoadAttributes (189ms)
			ProcessInitializeOnLoadMethodAttributes (68ms)
			AfterProcessingInitializeOnLoad (0ms)
			EditorAssembliesLoaded (0ms)
		ExecutionOrderSort2 (0ms)
		AwakeInstancesAfterBackupRestoration (0ms)
========================================================================
Worker process is ready to serve import requests
Begin MonoManager ReloadAssembly
- Loaded All Assemblies, in  1.440 seconds
Refreshing native plugins compatible for Editor in 39.89 ms, found 4 plugins.
Native extension for WindowsStandalone target not found
Package Manager log level set to [2]
[Package Manager] Server::EnsureServerProcessIsRunning -- launch failed, reason: Unity was launched with the -noUpm command-line argument
[Package Manager] UpmClient::Send -- Unable to send message (not connected to UPM process).
[Package Manager] Cannot connect to Unity Package Manager local server
Mono: successfully reloaded assembly
[Package Manager] Server::EnsureServerProcessIsRunning -- launch failed, reason: Unity was launched with the -noUpm command-line argument
[Package Manager] UpmClient::Send -- Unable to send message (not connected to UPM process).
[Package Manager] Cannot connect to Unity Package Manager local server
[Package Manager] Server::EnsureServerProcessIsRunning -- launch failed, reason: Unity was launched with the -noUpm command-line argument
[Package Manager] UpmClient::Send -- Unable to send message (not connected to UPM process).
[Package Manager] Cannot connect to Unity Package Manager local server
- Finished resetting the current domain, in  1.180 seconds
Domain Reload Profiling: 2602ms
	BeginReloadAssembly (260ms)
		ExecutionOrderSort (0ms)
		DisableScriptedObjects (10ms)
		BackupInstance (0ms)
		ReleaseScriptingObjects (0ms)
		CreateAndSetChildDomain (27ms)
	RebuildCommonClasses (47ms)
	RebuildNativeTypeToScriptingClass (12ms)
	initialDomainReloadingComplete (89ms)
	LoadAllAssembliesAndSetupDomain (1013ms)
		LoadAssemblies (863ms)
		RebuildTransferFunctionScriptingTraits (0ms)
		AnalyzeDomain (323ms)
			TypeCache.Refresh (273ms)
				TypeCache.ScanAssembly (243ms)
			ScanForSourceGeneratedMonoScriptInfo (42ms)
			ResolveRequiredComponents (5ms)
	FinalizeReload (1181ms)
		ReleaseScriptCaches (0ms)
		RebuildScriptCaches (0ms)
		SetupLoadedEditorAssemblies (873ms)
			LogAssemblyErrors (0ms)
			InitializePlatformSupportModulesInManaged (21ms)
			SetLoadedEditorAssemblies (5ms)
			RefreshPlugins (0ms)
			BeforeProcessingInitializeOnLoad (168ms)
			ProcessInitializeOnLoadAttributes (578ms)
			ProcessInitializeOnLoadMethodAttributes (68ms)
			AfterProcessingInitializeOnLoad (33ms)
			EditorAssembliesLoaded (0ms)
		ExecutionOrderSort2 (0ms)
		AwakeInstancesAfterBackupRestoration (15ms)
Launched and connected shader compiler UnityShaderCompiler.exe after 0.14 seconds
Refreshing native plugins compatible for Editor in 30.86 ms, found 4 plugins.
Preloading 0 native plugins for Editor in 0.00 ms.
Unloading 4312 Unused Serialized files (Serialized files now loaded: 0)
Unloading 76 unused Assets / (68.2 KB). Loaded Objects now: 4761.
Memory consumption went from 142.8 MB to 142.7 MB.
Total: 5.414200 ms (FindLiveObjects: 0.440300 ms CreateObjectMapping: 0.227600 ms MarkObjects: 4.526800 ms  DeleteObjects: 0.217500 ms)

AssetImportParameters requested are different than current active one (requested -> active):
  custom:container-demuxer-ogg: 62fdf1f143b41e24485cea50d1cbac27 -> 
  custom:video-codec-MediaFoundation-h265: 746d11721c4dcdbdad8f713fa42b33f4 -> 
  custom:video-decoder-ogg-theora: a1e56fd34408186e4bbccfd4996cb3dc -> 
  custom:framework-win-MediaFoundation: 216162199b28c13a410421893ffa2e32 -> 
  custom:CustomObjectIndexerAttribute: 756ad292c208cfabdd7b50bc23989ffe -> 
  custom:container-demuxer-webm: 4f35f7cbe854078d1ac9338744f61a02 -> 
  custom:container-muxer-webm: aa71ff27fc2769a1b78a27578f13a17b -> 
  custom:video-decoder-webm-vp8: 9c59270c3fd7afecdb556c50c9e8de78 -> 
  custom:SearchIndexIgnoredProperties: e643bd26f0fe6173181afceb89e7c659 -> 
  custom:AudioImporter_EditorPlatform: d09bf68614088b80899f8185d706f6e7 -> 
  custom:video-encoder-webm-vp8: eb34c28f22e8b96e1ab97ce403110664 -> 
  custom:audio-decoder-ogg-vorbis: bf7c407c2cedff20999df2af8eb42d56 -> 
  custom:audio-encoder-webm-vorbis: bf7c407c2cedff20999df2af8eb42d56 -> 
========================================================================
Received Import Request.
  Time since last request: 1209.465960 seconds.
  path: Assets/Resources/Images/UI/Game/Customer/customer5.png
  artifactKey: Guid(73a3ef77f759c1240811f7671b564016) Importer(815301076,1909f56bfc062723c751e8b465ee728b)
Start importing Assets/Resources/Images/UI/Game/Customer/customer5.png using Guid(73a3ef77f759c1240811f7671b564016) Importer(815301076,1909f56bfc062723c751e8b465ee728b)  -> (artifact id: 'ec9672e1f8aee882edf02db8e7a39bf2') in 0.184411 seconds
Number of updated asset objects reloaded before import = 0
Number of asset objects unloaded after import = 3
========================================================================
Received Import Request.
  Time since last request: 0.000055 seconds.
  path: Assets/Resources/Images/UI/Game/Customer/customer3.png
  artifactKey: Guid(ad6a3ae52d119ae4390205b3d8941dee) Importer(815301076,1909f56bfc062723c751e8b465ee728b)
Start importing Assets/Resources/Images/UI/Game/Customer/customer3.png using Guid(ad6a3ae52d119ae4390205b3d8941dee) Importer(815301076,1909f56bfc062723c751e8b465ee728b)  -> (artifact id: '5f5b069eb7cfc4d2f5acc2cdb19d08c6') in 0.062968 seconds
Number of updated asset objects reloaded before import = 0
Number of asset objects unloaded after import = 3
========================================================================
Received Import Request.
  Time since last request: 8.507495 seconds.
  path: Assets/Resources/Prefabs/UI/Scene/UI_Lobby.prefab
  artifactKey: Guid(64d5cc27c37c565438e79bbcd60b9bf2) Importer(815301076,1909f56bfc062723c751e8b465ee728b)
Start importing Assets/Resources/Prefabs/UI/Scene/UI_Lobby.prefab using Guid(64d5cc27c37c565438e79bbcd60b9bf2) Importer(815301076,1909f56bfc062723c751e8b465ee728b)  -> (artifact id: '7c22be70d032e60de6ba272830b56c7b') in 0.035880 seconds
Number of updated asset objects reloaded before import = 0
Number of asset objects unloaded after import = 46
========================================================================
Received Import Request.
  Time since last request: 2.195921 seconds.
  path: Assets/Scenes/Lobby.unity
  artifactKey: Guid(52f8d4ee22f285543917c29f33cc45b9) Importer(815301076,1909f56bfc062723c751e8b465ee728b)
Start importing Assets/Scenes/Lobby.unity using Guid(52f8d4ee22f285543917c29f33cc45b9) Importer(815301076,1909f56bfc062723c751e8b465ee728b)  -> (artifact id: '125e183a2f70bbce1eecd672447ce895') in 0.001006 seconds
Number of updated asset objects reloaded before import = 0
Number of asset objects unloaded after import = 0
========================================================================
Received Prepare
Begin MonoManager ReloadAssembly
- Loaded All Assemblies, in  0.852 seconds
Refreshing native plugins compatible for Editor in 27.78 ms, found 4 plugins.
Native extension for WindowsStandalone target not found
[Package Manager] Server::EnsureServerProcessIsRunning -- launch failed, reason: Unity was launched with the -noUpm command-line argument
[Package Manager] UpmClient::Send -- Unable to send message (not connected to UPM process).
[Package Manager] Cannot connect to Unity Package Manager local server
Mono: successfully reloaded assembly
[Package Manager] Server::EnsureServerProcessIsRunning -- launch failed, reason: Unity was launched with the -noUpm command-line argument
[Package Manager] UpmClient::Send -- Unable to send message (not connected to UPM process).
[Package Manager] Cannot connect to Unity Package Manager local server
- Finished resetting the current domain, in  4.376 seconds
Domain Reload Profiling: 5215ms
	BeginReloadAssembly (261ms)
		ExecutionOrderSort (0ms)
		DisableScriptedObjects (15ms)
		BackupInstance (0ms)
		ReleaseScriptingObjects (0ms)
		CreateAndSetChildDomain (43ms)
	RebuildCommonClasses (47ms)
	RebuildNativeTypeToScriptingClass (14ms)
	initialDomainReloadingComplete (50ms)
	LoadAllAssembliesAndSetupDomain (466ms)
		LoadAssemblies (614ms)
		RebuildTransferFunctionScriptingTraits (0ms)
		AnalyzeDomain (11ms)
			TypeCache.Refresh (6ms)
				TypeCache.ScanAssembly (0ms)
			ScanForSourceGeneratedMonoScriptInfo (0ms)
			ResolveRequiredComponents (4ms)
	FinalizeReload (4377ms)
		ReleaseScriptCaches (0ms)
		RebuildScriptCaches (0ms)
		SetupLoadedEditorAssemblies (974ms)
			LogAssemblyErrors (0ms)
			InitializePlatformSupportModulesInManaged (24ms)
			SetLoadedEditorAssemblies (8ms)
			RefreshPlugins (0ms)
			BeforeProcessingInitializeOnLoad (214ms)
			ProcessInitializeOnLoadAttributes (639ms)
			ProcessInitializeOnLoadMethodAttributes (56ms)
			AfterProcessingInitializeOnLoad (33ms)
			EditorAssembliesLoaded (0ms)
		ExecutionOrderSort2 (0ms)
		AwakeInstancesAfterBackupRestoration (24ms)
Refreshing native plugins compatible for Editor in 46.66 ms, found 4 plugins.
Preloading 0 native plugins for Editor in 0.00 ms.
Unloading 4300 Unused Serialized files (Serialized files now loaded: 0)
Unloading 48 unused Assets / (42.4 KB). Loaded Objects now: 4772.
Memory consumption went from 144.1 MB to 144.1 MB.
Total: 6.352600 ms (FindLiveObjects: 0.537100 ms CreateObjectMapping: 0.311600 ms MarkObjects: 5.385600 ms  DeleteObjects: 0.116400 ms)

Prepare: number of updated asset objects reloaded= 0
AssetImportParameters requested are different than current active one (requested -> active):
  custom:container-demuxer-ogg: 62fdf1f143b41e24485cea50d1cbac27 -> 
  custom:video-codec-MediaFoundation-h265: 746d11721c4dcdbdad8f713fa42b33f4 -> 
  custom:video-decoder-ogg-theora: a1e56fd34408186e4bbccfd4996cb3dc -> 
  custom:framework-win-MediaFoundation: 216162199b28c13a410421893ffa2e32 -> 
  custom:CustomObjectIndexerAttribute: 756ad292c208cfabdd7b50bc23989ffe -> 
  custom:container-demuxer-webm: 4f35f7cbe854078d1ac9338744f61a02 -> 
  custom:container-muxer-webm: aa71ff27fc2769a1b78a27578f13a17b -> 
  custom:video-decoder-webm-vp8: 9c59270c3fd7afecdb556c50c9e8de78 -> 
  custom:SearchIndexIgnoredProperties: e643bd26f0fe6173181afceb89e7c659 -> 
  custom:AudioImporter_EditorPlatform: d09bf68614088b80899f8185d706f6e7 -> 
  custom:video-encoder-webm-vp8: eb34c28f22e8b96e1ab97ce403110664 -> 
  custom:audio-decoder-ogg-vorbis: bf7c407c2cedff20999df2af8eb42d56 -> 
  custom:audio-encoder-webm-vorbis: bf7c407c2cedff20999df2af8eb42d56 -> 
========================================================================
Received Import Request.
  Time since last request: 22.989636 seconds.
  path: Assets/Resources/Images/UI/Game/PizzaDough.png
  artifactKey: Guid(ac1a6d8cadf70a24d878419aef95b472) Importer(815301076,1909f56bfc062723c751e8b465ee728b)
Start importing Assets/Resources/Images/UI/Game/PizzaDough.png using Guid(ac1a6d8cadf70a24d878419aef95b472) Importer(815301076,1909f56bfc062723c751e8b465ee728b)  -> (artifact id: 'fb5f2588f404dc036bc2d4ea71974629') in 0.107439 seconds
Number of updated asset objects reloaded before import = 0
Number of asset objects unloaded after import = 3
========================================================================
Received Import Request.
  Time since last request: 36.117720 seconds.
  path: Assets/Resources/Images/UI/Game/BrightRedVerticalBar.png
  artifactKey: Guid(333168435a79b7243a3f530900767948) Importer(815301076,1909f56bfc062723c751e8b465ee728b)
Start importing Assets/Resources/Images/UI/Game/BrightRedVerticalBar.png using Guid(333168435a79b7243a3f530900767948) Importer(815301076,1909f56bfc062723c751e8b465ee728b)  -> (artifact id: 'b8f9d9bc3b2ba7c2309cdcf0243f15a7') in 0.041114 seconds
Number of updated asset objects reloaded before import = 0
Number of asset objects unloaded after import = 3
========================================================================
Received Import Request.
  Time since last request: 0.000028 seconds.
  path: Assets/Resources/Images/UI/Game/CircleBackGround 1.png
  artifactKey: Guid(a3ef608cbbf2d8647ab338f8afb243d1) Importer(815301076,1909f56bfc062723c751e8b465ee728b)
Start importing Assets/Resources/Images/UI/Game/CircleBackGround 1.png using Guid(a3ef608cbbf2d8647ab338f8afb243d1) Importer(815301076,1909f56bfc062723c751e8b465ee728b)  -> (artifact id: 'ae1d750e81f3d53138faff839d87a8db') in 0.047234 seconds
Number of updated asset objects reloaded before import = 0
Number of asset objects unloaded after import = 3
========================================================================
Received Import Request.
  Time since last request: 0.000059 seconds.
  path: Assets/Resources/Images/UI/Game/worktable2.png
  artifactKey: Guid(61be099afc879a742a74feff6657daf2) Importer(815301076,1909f56bfc062723c751e8b465ee728b)
Start importing Assets/Resources/Images/UI/Game/worktable2.png using Guid(61be099afc879a742a74feff6657daf2) Importer(815301076,1909f56bfc062723c751e8b465ee728b)  -> (artifact id: '81914ac688f789ec7c231ce8e5abf57c') in 0.056276 seconds
Number of updated asset objects reloaded before import = 0
Number of asset objects unloaded after import = 3
========================================================================
Received Import Request.
  Time since last request: 0.000035 seconds.
  path: Assets/Resources/Images/UI/Game/뒷배경.png
  artifactKey: Guid(001c10162250fdc478431db6ed0de341) Importer(815301076,1909f56bfc062723c751e8b465ee728b)
Start importing Assets/Resources/Images/UI/Game/뒷배경.png using Guid(001c10162250fdc478431db6ed0de341) Importer(815301076,1909f56bfc062723c751e8b465ee728b)  -> (artifact id: 'd073746370ba05d9e5e0bcb3700e84a1') in 0.038827 seconds
Number of updated asset objects reloaded before import = 0
Number of asset objects unloaded after import = 3
========================================================================
Received Import Request.
  Time since last request: 0.000083 seconds.
  path: Assets/Resources/Images/UI/Game/UI적용(1).png
  artifactKey: Guid(9aa84298bbd7bd7459830f52deca88a3) Importer(815301076,1909f56bfc062723c751e8b465ee728b)
Start importing Assets/Resources/Images/UI/Game/UI적용(1).png using Guid(9aa84298bbd7bd7459830f52deca88a3) Importer(815301076,1909f56bfc062723c751e8b465ee728b)  -> (artifact id: 'ab9c39455e621e7227ee2532b22a7087') in 0.050930 seconds
Number of updated asset objects reloaded before import = 0
Number of asset objects unloaded after import = 3
========================================================================
Received Import Request.
  Time since last request: 1.375310 seconds.
  path: Assets/Resources/Images/UI/Game/Step3/버튼_감자.png
  artifactKey: Guid(a86898c95aca92f45a830d2ac5a2ddb1) Importer(815301076,1909f56bfc062723c751e8b465ee728b)
Start importing Assets/Resources/Images/UI/Game/Step3/버튼_감자.png using Guid(a86898c95aca92f45a830d2ac5a2ddb1) Importer(815301076,1909f56bfc062723c751e8b465ee728b)  -> (artifact id: '246e8b9dbe81c1e5adf875e742bd48f7') in 0.046546 seconds
Number of updated asset objects reloaded before import = 0
Number of asset objects unloaded after import = 3
========================================================================
Received Import Request.
  Time since last request: 0.000021 seconds.
  path: Assets/Resources/Images/UI/Game/Step3/버튼_피망.png
  artifactKey: Guid(b360317c2def80c428519053beb56016) Importer(815301076,1909f56bfc062723c751e8b465ee728b)
Start importing Assets/Resources/Images/UI/Game/Step3/버튼_피망.png using Guid(b360317c2def80c428519053beb56016) Importer(815301076,1909f56bfc062723c751e8b465ee728b)  -> (artifact id: '51317cbcb43e3be99262dc22372ec43d') in 0.041890 seconds
Number of updated asset objects reloaded before import = 0
Number of asset objects unloaded after import = 3
========================================================================
Received Import Request.
  Time since last request: 0.000035 seconds.
  path: Assets/Resources/Images/UI/Game/Step3/버튼_불고기.png
  artifactKey: Guid(1069f9c4d428f6447a29bd1f31bedf89) Importer(815301076,1909f56bfc062723c751e8b465ee728b)
Start importing Assets/Resources/Images/UI/Game/Step3/버튼_불고기.png using Guid(1069f9c4d428f6447a29bd1f31bedf89) Importer(815301076,1909f56bfc062723c751e8b465ee728b)  -> (artifact id: 'f2a37a0dbf0ba84eca6bf1b860c98cce') in 0.038458 seconds
Number of updated asset objects reloaded before import = 0
Number of asset objects unloaded after import = 3
========================================================================
Received Import Request.
  Time since last request: 0.000019 seconds.
  path: Assets/Resources/Images/UI/Game/Step3/버튼_옥수수.png
  artifactKey: Guid(eba49601567821649bc761f29171a18b) Importer(815301076,1909f56bfc062723c751e8b465ee728b)
Start importing Assets/Resources/Images/UI/Game/Step3/버튼_옥수수.png using Guid(eba49601567821649bc761f29171a18b) Importer(815301076,1909f56bfc062723c751e8b465ee728b)  -> (artifact id: '32bd9e99f597ed2ed125f974ac968448') in 0.047446 seconds
Number of updated asset objects reloaded before import = 0
Number of asset objects unloaded after import = 3
========================================================================
Received Import Request.
  Time since last request: 0.000044 seconds.
  path: Assets/Resources/Images/UI/Game/Step3/버튼_페퍼로니.png
  artifactKey: Guid(65c262e92ee2e5840861bd8be143f23d) Importer(815301076,1909f56bfc062723c751e8b465ee728b)
Start importing Assets/Resources/Images/UI/Game/Step3/버튼_페퍼로니.png using Guid(65c262e92ee2e5840861bd8be143f23d) Importer(815301076,1909f56bfc062723c751e8b465ee728b)  -> (artifact id: '431b4f79549d392ee0f3603039a56e47') in 0.052954 seconds
Number of updated asset objects reloaded before import = 0
Number of asset objects unloaded after import = 3
========================================================================
Received Import Request.
  Time since last request: 2.923675 seconds.
  path: Assets/Resources/Images/UI/selection_button.png
  artifactKey: Guid(df18b6e84ce232341a36e88dc2dcc93a) Importer(815301076,1909f56bfc062723c751e8b465ee728b)
Start importing Assets/Resources/Images/UI/selection_button.png using Guid(df18b6e84ce232341a36e88dc2dcc93a) Importer(815301076,1909f56bfc062723c751e8b465ee728b)  -> (artifact id: 'e6c30c3c3277f9f4c8c3a339228839dc') in 0.050632 seconds
Number of updated asset objects reloaded before import = 0
Number of asset objects unloaded after import = 3
========================================================================
Received Import Request.
  Time since last request: 1.352924 seconds.
  path: Assets/Resources/Images/UI/Settings/setting_button1.png
  artifactKey: Guid(e5459a6549c1cdb4282d10ac107480c2) Importer(815301076,1909f56bfc062723c751e8b465ee728b)
Start importing Assets/Resources/Images/UI/Settings/setting_button1.png using Guid(e5459a6549c1cdb4282d10ac107480c2) Importer(815301076,1909f56bfc062723c751e8b465ee728b)  -> (artifact id: 'f7d0fb6a9f19fe3ae7639303f3c0fed8') in 0.065610 seconds
Number of updated asset objects reloaded before import = 0
Number of asset objects unloaded after import = 3
========================================================================
Received Import Request.
  Time since last request: 0.000039 seconds.
  path: Assets/Resources/Images/UI/Settings/volume_3.png
  artifactKey: Guid(30d6c86f055848a44b4a0fc3f27478b9) Importer(815301076,1909f56bfc062723c751e8b465ee728b)
Start importing Assets/Resources/Images/UI/Settings/volume_3.png using Guid(30d6c86f055848a44b4a0fc3f27478b9) Importer(815301076,1909f56bfc062723c751e8b465ee728b)  -> (artifact id: '097e0420e0e1248d9287c873d74a05f6') in 0.072106 seconds
Number of updated asset objects reloaded before import = 0
Number of asset objects unloaded after import = 3
========================================================================
Received Import Request.
  Time since last request: 0.000075 seconds.
  path: Assets/Resources/Images/UI/Settings/setting_sample.png
  artifactKey: Guid(d6e1095c3060cfb4baacb978917bbaf9) Importer(815301076,1909f56bfc062723c751e8b465ee728b)
Start importing Assets/Resources/Images/UI/Settings/setting_sample.png using Guid(d6e1095c3060cfb4baacb978917bbaf9) Importer(815301076,1909f56bfc062723c751e8b465ee728b)  -> (artifact id: 'ef75daacc61867869cde171419e0278e') in 0.109039 seconds
Number of updated asset objects reloaded before import = 0
Number of asset objects unloaded after import = 3
========================================================================
Received Import Request.
  Time since last request: 42.833956 seconds.
  path: Assets/Resources/Images/UI/Settings/알림창_예.png
  artifactKey: Guid(5796a82102b52bd46ba500a80e860222) Importer(815301076,1909f56bfc062723c751e8b465ee728b)
Start importing Assets/Resources/Images/UI/Settings/알림창_예.png using Guid(5796a82102b52bd46ba500a80e860222) Importer(815301076,1909f56bfc062723c751e8b465ee728b)  -> (artifact id: 'f1d0e90bb722101bd659334bf47103c8') in 0.048204 seconds
Number of updated asset objects reloaded before import = 0
Number of asset objects unloaded after import = 3
========================================================================
Received Import Request.
  Time since last request: 34.404708 seconds.
  path: Assets/Resources/Images/UI/Game/Step1/sauce_onion.png
  artifactKey: Guid(c8668a12c62d9e84093e7f5e519f59a4) Importer(815301076,1909f56bfc062723c751e8b465ee728b)
Start importing Assets/Resources/Images/UI/Game/Step1/sauce_onion.png using Guid(c8668a12c62d9e84093e7f5e519f59a4) Importer(815301076,1909f56bfc062723c751e8b465ee728b)  -> (artifact id: '6dd88ff80812b3b5d58a384cecc97e41') in 0.067936 seconds
Number of updated asset objects reloaded before import = 0
Number of asset objects unloaded after import = 3
========================================================================
Received Import Request.
  Time since last request: 0.000111 seconds.
  path: Assets/Resources/Images/UI/Game/Step1/sauce_tomato.png
  artifactKey: Guid(779e22ff37c4b484f8f8b65bed8da4a9) Importer(815301076,1909f56bfc062723c751e8b465ee728b)
Start importing Assets/Resources/Images/UI/Game/Step1/sauce_tomato.png using Guid(779e22ff37c4b484f8f8b65bed8da4a9) Importer(815301076,1909f56bfc062723c751e8b465ee728b)  -> (artifact id: 'fe4d160c322974523ebcdb2ad5c3cd55') in 0.054108 seconds
Number of updated asset objects reloaded before import = 0
Number of asset objects unloaded after import = 3
========================================================================
Received Import Request.
  Time since last request: 0.000023 seconds.
  path: Assets/Resources/Images/UI/Game/BreakTime/selection_button.png
  artifactKey: Guid(0fa574d2fd6da1e439b944f81a2273f2) Importer(815301076,1909f56bfc062723c751e8b465ee728b)
Start importing Assets/Resources/Images/UI/Game/BreakTime/selection_button.png using Guid(0fa574d2fd6da1e439b944f81a2273f2) Importer(815301076,1909f56bfc062723c751e8b465ee728b)  -> (artifact id: 'ecc7c87e5ae16f3cb85d8b346101ebc5') in 0.033058 seconds
Number of updated asset objects reloaded before import = 0
Number of asset objects unloaded after import = 3
========================================================================
Received Import Request.
  Time since last request: 92.297393 seconds.
  path: Assets/Resources/Images/UI/Main/main_background.png
  artifactKey: Guid(fcd85dea5c458ad4fbe6cfa8f6f0fd02) Importer(815301076,1909f56bfc062723c751e8b465ee728b)
Start importing Assets/Resources/Images/UI/Main/main_background.png using Guid(fcd85dea5c458ad4fbe6cfa8f6f0fd02) Importer(815301076,1909f56bfc062723c751e8b465ee728b)  -> (artifact id: '969a2577b4944df14a006fbb556cf203') in 0.051354 seconds
Number of updated asset objects reloaded before import = 0
Number of asset objects unloaded after import = 3
========================================================================
Received Import Request.
  Time since last request: 0.000140 seconds.
  path: Assets/Resources/Images/UI/Lobby/man_uniform.png
  artifactKey: Guid(8cb6d7ec649706b44ac12d1089bb26e3) Importer(815301076,1909f56bfc062723c751e8b465ee728b)
Start importing Assets/Resources/Images/UI/Lobby/man_uniform.png using Guid(8cb6d7ec649706b44ac12d1089bb26e3) Importer(815301076,1909f56bfc062723c751e8b465ee728b)  -> (artifact id: '5830510f3fe900502ee30158d0de62f7') in 0.047133 seconds
Number of updated asset objects reloaded before import = 0
Number of asset objects unloaded after import = 3
========================================================================
Received Import Request.
  Time since last request: 0.000025 seconds.
  path: Assets/Resources/Images/UI/Recipe/recipe_howtomake.png
  artifactKey: Guid(2c63a3e6963adec4aadee0b2fb8c78d9) Importer(815301076,1909f56bfc062723c751e8b465ee728b)
Start importing Assets/Resources/Images/UI/Recipe/recipe_howtomake.png using Guid(2c63a3e6963adec4aadee0b2fb8c78d9) Importer(815301076,1909f56bfc062723c751e8b465ee728b)  -> (artifact id: '460b2326c8adfd5500a8a9ad87071612') in 0.056915 seconds
Number of updated asset objects reloaded before import = 0
Number of asset objects unloaded after import = 3
========================================================================
Received Import Request.
  Time since last request: 0.000101 seconds.
  path: Assets/Resources/Images/UI/Intro/man_uniform.png
  artifactKey: Guid(81b650b118ca01b49ba6245033fe4231) Importer(815301076,1909f56bfc062723c751e8b465ee728b)
Start importing Assets/Resources/Images/UI/Intro/man_uniform.png using Guid(81b650b118ca01b49ba6245033fe4231) Importer(815301076,1909f56bfc062723c751e8b465ee728b)  -> (artifact id: '339c634f699014bc95135a2c6eed06c6') in 0.048876 seconds
Number of updated asset objects reloaded before import = 0
Number of asset objects unloaded after import = 3
========================================================================
Received Import Request.
  Time since last request: 481.543426 seconds.
  path: Assets/Resources/Images/UI/Game/Step1/cheese.png
  artifactKey: Guid(210deac125329634e877752caa5132d5) Importer(815301076,1909f56bfc062723c751e8b465ee728b)
Start importing Assets/Resources/Images/UI/Game/Step1/cheese.png using Guid(210deac125329634e877752caa5132d5) Importer(815301076,1909f56bfc062723c751e8b465ee728b)  -> (artifact id: '6601f1d9112b9a7ceb5cb9e8aa91e79f') in 0.065501 seconds
Number of updated asset objects reloaded before import = 0
Number of asset objects unloaded after import = 3
========================================================================
Received Import Request.
  Time since last request: 0.606011 seconds.
  path: Assets/Resources/Images/UI/Main/UI_settings.png
  artifactKey: Guid(68c898d973804ce4ba0e943a45028d1f) Importer(815301076,1909f56bfc062723c751e8b465ee728b)
Start importing Assets/Resources/Images/UI/Main/UI_settings.png using Guid(68c898d973804ce4ba0e943a45028d1f) Importer(815301076,1909f56bfc062723c751e8b465ee728b)  -> (artifact id: '1098e82e47623525f188bd73426d3705') in 0.035749 seconds
Number of updated asset objects reloaded before import = 0
Number of asset objects unloaded after import = 3
========================================================================
Received Import Request.
  Time since last request: 29.602079 seconds.
  path: Assets/Resources/Prefabs/UI/Popup/UI_Welcome.prefab
  artifactKey: Guid(539a372e3528b7c43a0eb3b96f357743) Importer(815301076,1909f56bfc062723c751e8b465ee728b)
Start importing Assets/Resources/Prefabs/UI/Popup/UI_Welcome.prefab using Guid(539a372e3528b7c43a0eb3b96f357743) Importer(815301076,1909f56bfc062723c751e8b465ee728b)  -> (artifact id: '3ce35b9f47e48de5b6b24968b6a1f19d') in 0.113869 seconds
Number of updated asset objects reloaded before import = 0
Number of asset objects unloaded after import = 41
========================================================================
Received Import Request.
  Time since last request: 4.337329 seconds.
  path: Assets/Resources/Sounds/MainMixer.mixer
  artifactKey: Guid(4c4e87df23c24aa4e82b0e2ae7baa9d1) Importer(815301076,1909f56bfc062723c751e8b465ee728b)
Start importing Assets/Resources/Sounds/MainMixer.mixer using Guid(4c4e87df23c24aa4e82b0e2ae7baa9d1) Importer(815301076,1909f56bfc062723c751e8b465ee728b)  -> (artifact id: '54f40a71391e201bd559b9bbe8a86140') in 0.009559 seconds
Number of updated asset objects reloaded before import = 0
Number of asset objects unloaded after import = 8
========================================================================
Received Import Request.
  Time since last request: 0.000016 seconds.
  path: Assets/Resources/Font/Jalnan2.otf
  artifactKey: Guid(33361b6f155c84a41993dc0142730223) Importer(815301076,1909f56bfc062723c751e8b465ee728b)
Start importing Assets/Resources/Font/Jalnan2.otf using Guid(33361b6f155c84a41993dc0142730223) Importer(815301076,1909f56bfc062723c751e8b465ee728b)  -> (artifact id: 'c1d61c1acb2cecac8653970c4058c586') in 0.142008 seconds
Number of updated asset objects reloaded before import = 0
Number of asset objects unloaded after import = 4
========================================================================
Received Import Request.
  Time since last request: 0.000025 seconds.
  path: Assets/Resources/Animations/UI/Main/girl_uniform_ani_out-2.png
  artifactKey: Guid(7dfa5983f72e1e54b800883f26573182) Importer(815301076,1909f56bfc062723c751e8b465ee728b)
Start importing Assets/Resources/Animations/UI/Main/girl_uniform_ani_out-2.png using Guid(7dfa5983f72e1e54b800883f26573182) Importer(815301076,1909f56bfc062723c751e8b465ee728b)  -> (artifact id: '702e0a92757c89f518d0d5a3adea9e8a') in 0.078463 seconds
Number of updated asset objects reloaded before import = 0
Number of asset objects unloaded after import = 3
========================================================================
Received Import Request.
  Time since last request: 0.000037 seconds.
  path: Assets/Resources/Animations/UI/Main/girl_uniform_ani_out-1.png
  artifactKey: Guid(fd8c807206eba5b41b716341b182b02f) Importer(815301076,1909f56bfc062723c751e8b465ee728b)
Start importing Assets/Resources/Animations/UI/Main/girl_uniform_ani_out-1.png using Guid(fd8c807206eba5b41b716341b182b02f) Importer(815301076,1909f56bfc062723c751e8b465ee728b)  -> (artifact id: '1543bc4dff4db0300d5ff0f360dfa857') in 0.055761 seconds
Number of updated asset objects reloaded before import = 0
Number of asset objects unloaded after import = 3
========================================================================
Received Import Request.
  Time since last request: 0.291836 seconds.
  path: Assets/Resources/Prefabs/UI/Popup/UI_DoInput.prefab
  artifactKey: Guid(f9c3a547343adaa4aa94a2e041b82969) Importer(815301076,1909f56bfc062723c751e8b465ee728b)
Start importing Assets/Resources/Prefabs/UI/Popup/UI_DoInput.prefab using Guid(f9c3a547343adaa4aa94a2e041b82969) Importer(815301076,1909f56bfc062723c751e8b465ee728b)  -> (artifact id: '4a97805b0a6c030340f9ea8d550c85b2') in 0.017219 seconds
Number of updated asset objects reloaded before import = 0
Number of asset objects unloaded after import = 48
========================================================================
Received Import Request.
  Time since last request: 23.735655 seconds.
  path: Assets/Resources/Prefabs/UI/Popup/UI_Welcome.prefab
  artifactKey: Guid(539a372e3528b7c43a0eb3b96f357743) Importer(815301076,1909f56bfc062723c751e8b465ee728b)
Start importing Assets/Resources/Prefabs/UI/Popup/UI_Welcome.prefab using Guid(539a372e3528b7c43a0eb3b96f357743) Importer(815301076,1909f56bfc062723c751e8b465ee728b)  -> (artifact id: '2da8bc2d246400ffa27b46cbc18a1e7b') in 0.008594 seconds
Number of updated asset objects reloaded before import = 0
Number of asset objects unloaded after import = 55
========================================================================
Received Import Request.
  Time since last request: 5.595592 seconds.
  path: Assets/Resources/Prefabs/UI/Popup/UI_Welcome.prefab
  artifactKey: Guid(539a372e3528b7c43a0eb3b96f357743) Importer(815301076,1909f56bfc062723c751e8b465ee728b)
Start importing Assets/Resources/Prefabs/UI/Popup/UI_Welcome.prefab using Guid(539a372e3528b7c43a0eb3b96f357743) Importer(815301076,1909f56bfc062723c751e8b465ee728b)  -> (artifact id: '1dec72b2beb034817774d3e904919a1e') in 0.008511 seconds
Number of updated asset objects reloaded before import = 0
Number of asset objects unloaded after import = 51
========================================================================
Received Import Request.
  Time since last request: 17.165841 seconds.
  path: Assets/Resources/Prefabs/UI/Popup/UI_Welcome.prefab
  artifactKey: Guid(539a372e3528b7c43a0eb3b96f357743) Importer(815301076,1909f56bfc062723c751e8b465ee728b)
Start importing Assets/Resources/Prefabs/UI/Popup/UI_Welcome.prefab using Guid(539a372e3528b7c43a0eb3b96f357743) Importer(815301076,1909f56bfc062723c751e8b465ee728b)  -> (artifact id: '0029bf188c2af79f4883591da62e8328') in 0.010706 seconds
Number of updated asset objects reloaded before import = 0
Number of asset objects unloaded after import = 51
========================================================================
Received Import Request.
  Time since last request: 15.062313 seconds.
  path: Assets/Resources/Prefabs/UI/Popup/UI_Welcome.prefab
  artifactKey: Guid(539a372e3528b7c43a0eb3b96f357743) Importer(815301076,1909f56bfc062723c751e8b465ee728b)
Start importing Assets/Resources/Prefabs/UI/Popup/UI_Welcome.prefab using Guid(539a372e3528b7c43a0eb3b96f357743) Importer(815301076,1909f56bfc062723c751e8b465ee728b)  -> (artifact id: '9f518a0744661ddced6fd4e85add4939') in 0.009980 seconds
Number of updated asset objects reloaded before import = 0
Number of asset objects unloaded after import = 51
========================================================================
Received Import Request.
  Time since last request: 10.885038 seconds.
  path: Assets/Resources/Prefabs/UI/Popup/UI_Welcome.prefab
  artifactKey: Guid(539a372e3528b7c43a0eb3b96f357743) Importer(815301076,1909f56bfc062723c751e8b465ee728b)
Start importing Assets/Resources/Prefabs/UI/Popup/UI_Welcome.prefab using Guid(539a372e3528b7c43a0eb3b96f357743) Importer(815301076,1909f56bfc062723c751e8b465ee728b)  -> (artifact id: '655cf52cf647f0026f02e99b4c3477c6') in 0.007220 seconds
Number of updated asset objects reloaded before import = 0
Number of asset objects unloaded after import = 51
========================================================================
Received Import Request.
  Time since last request: 10.691108 seconds.
  path: Assets/Resources/Prefabs/UI/Popup/UI_Welcome.prefab
  artifactKey: Guid(539a372e3528b7c43a0eb3b96f357743) Importer(815301076,1909f56bfc062723c751e8b465ee728b)
Start importing Assets/Resources/Prefabs/UI/Popup/UI_Welcome.prefab using Guid(539a372e3528b7c43a0eb3b96f357743) Importer(815301076,1909f56bfc062723c751e8b465ee728b)  -> (artifact id: '3eac748419348421d8b1d324b416b5d0') in 0.009052 seconds
Number of updated asset objects reloaded before import = 0
Number of asset objects unloaded after import = 51
========================================================================
Received Import Request.
  Time since last request: 10.490607 seconds.
  path: Assets/Resources/Prefabs/UI/Popup/UI_Welcome.prefab
  artifactKey: Guid(539a372e3528b7c43a0eb3b96f357743) Importer(815301076,1909f56bfc062723c751e8b465ee728b)
Start importing Assets/Resources/Prefabs/UI/Popup/UI_Welcome.prefab using Guid(539a372e3528b7c43a0eb3b96f357743) Importer(815301076,1909f56bfc062723c751e8b465ee728b)  -> (artifact id: 'bdb9dd18a647c8d44460d519013dcda2') in 0.006318 seconds
Number of updated asset objects reloaded before import = 0
Number of asset objects unloaded after import = 51
========================================================================
Received Import Request.
  Time since last request: 2.401644 seconds.
  path: Assets/Resources/Prefabs/UI/Popup/UI_Welcome.prefab
  artifactKey: Guid(539a372e3528b7c43a0eb3b96f357743) Importer(815301076,1909f56bfc062723c751e8b465ee728b)
Start importing Assets/Resources/Prefabs/UI/Popup/UI_Welcome.prefab using Guid(539a372e3528b7c43a0eb3b96f357743) Importer(815301076,1909f56bfc062723c751e8b465ee728b)  -> (artifact id: '4ea81540f15187d12dfd202be0935293') in 0.009825 seconds
Number of updated asset objects reloaded before import = 0
Number of asset objects unloaded after import = 51
========================================================================
Received Import Request.
  Time since last request: 5.253282 seconds.
  path: Assets/Resources/Prefabs/UI/Popup/UI_Welcome.prefab
  artifactKey: Guid(539a372e3528b7c43a0eb3b96f357743) Importer(815301076,1909f56bfc062723c751e8b465ee728b)
Start importing Assets/Resources/Prefabs/UI/Popup/UI_Welcome.prefab using Guid(539a372e3528b7c43a0eb3b96f357743) Importer(815301076,1909f56bfc062723c751e8b465ee728b)  -> (artifact id: '917d48559939ced21e38cce76b5f93c7') in 0.006954 seconds
Number of updated asset objects reloaded before import = 0
Number of asset objects unloaded after import = 51
========================================================================
Received Import Request.
  Time since last request: 11.094056 seconds.
  path: Assets/Resources/Prefabs/UI/Popup/UI_Welcome.prefab
  artifactKey: Guid(539a372e3528b7c43a0eb3b96f357743) Importer(815301076,1909f56bfc062723c751e8b465ee728b)
Start importing Assets/Resources/Prefabs/UI/Popup/UI_Welcome.prefab using Guid(539a372e3528b7c43a0eb3b96f357743) Importer(815301076,1909f56bfc062723c751e8b465ee728b)  -> (artifact id: 'c680710834c93234cb40f196bb334abf') in 0.006334 seconds
Number of updated asset objects reloaded before import = 0
Number of asset objects unloaded after import = 51
========================================================================
Received Import Request.
  Time since last request: 4.827496 seconds.
  path: Assets/Resources/Prefabs/UI/Popup/UI_Welcome.prefab
  artifactKey: Guid(539a372e3528b7c43a0eb3b96f357743) Importer(815301076,1909f56bfc062723c751e8b465ee728b)
Start importing Assets/Resources/Prefabs/UI/Popup/UI_Welcome.prefab using Guid(539a372e3528b7c43a0eb3b96f357743) Importer(815301076,1909f56bfc062723c751e8b465ee728b)  -> (artifact id: '2592e6c7f25ef452cbe457e16466d94d') in 0.008248 seconds
Number of updated asset objects reloaded before import = 0
Number of asset objects unloaded after import = 51
========================================================================
Received Import Request.
  Time since last request: 1.004071 seconds.
  path: Assets/Resources/Prefabs/UI/Popup/UI_Welcome.prefab
  artifactKey: Guid(539a372e3528b7c43a0eb3b96f357743) Importer(815301076,1909f56bfc062723c751e8b465ee728b)
Start importing Assets/Resources/Prefabs/UI/Popup/UI_Welcome.prefab using Guid(539a372e3528b7c43a0eb3b96f357743) Importer(815301076,1909f56bfc062723c751e8b465ee728b)  -> (artifact id: 'f751b937addc0403ced588e6609af06f') in 0.006022 seconds
Number of updated asset objects reloaded before import = 0
Number of asset objects unloaded after import = 51
========================================================================
Received Import Request.
  Time since last request: 6.479221 seconds.
  path: Assets/Resources/Prefabs/UI/Popup/UI_Welcome.prefab
  artifactKey: Guid(539a372e3528b7c43a0eb3b96f357743) Importer(815301076,1909f56bfc062723c751e8b465ee728b)
Start importing Assets/Resources/Prefabs/UI/Popup/UI_Welcome.prefab using Guid(539a372e3528b7c43a0eb3b96f357743) Importer(815301076,1909f56bfc062723c751e8b465ee728b)  -> (artifact id: 'a6b015302e73db8d0378c3b400216a18') in 0.005727 seconds
Number of updated asset objects reloaded before import = 0
Number of asset objects unloaded after import = 51
========================================================================
Received Import Request.
  Time since last request: 14.560666 seconds.
  path: Assets/Resources/Prefabs/UI/Popup/UI_Welcome.prefab
  artifactKey: Guid(539a372e3528b7c43a0eb3b96f357743) Importer(815301076,1909f56bfc062723c751e8b465ee728b)
Start importing Assets/Resources/Prefabs/UI/Popup/UI_Welcome.prefab using Guid(539a372e3528b7c43a0eb3b96f357743) Importer(815301076,1909f56bfc062723c751e8b465ee728b)  -> (artifact id: 'c77ef7c9dc3dbaa772686b3a863eb6b8') in 0.005929 seconds
Number of updated asset objects reloaded before import = 0
Number of asset objects unloaded after import = 51
========================================================================
Received Import Request.
  Time since last request: 0.193086 seconds.
  path: Assets/Resources/Prefabs/UI/Popup/UI_Welcome.prefab
  artifactKey: Guid(539a372e3528b7c43a0eb3b96f357743) Importer(815301076,1909f56bfc062723c751e8b465ee728b)
Start importing Assets/Resources/Prefabs/UI/Popup/UI_Welcome.prefab using Guid(539a372e3528b7c43a0eb3b96f357743) Importer(815301076,1909f56bfc062723c751e8b465ee728b)  -> (artifact id: 'cdcf95c8691e457458bf47ad847a50a7') in 0.007970 seconds
Number of updated asset objects reloaded before import = 0
Number of asset objects unloaded after import = 52
========================================================================
Received Import Request.
  Time since last request: 6.015393 seconds.
  path: Assets/Resources/Prefabs/UI/Popup/UI_Welcome.prefab
  artifactKey: Guid(539a372e3528b7c43a0eb3b96f357743) Importer(815301076,1909f56bfc062723c751e8b465ee728b)
Start importing Assets/Resources/Prefabs/UI/Popup/UI_Welcome.prefab using Guid(539a372e3528b7c43a0eb3b96f357743) Importer(815301076,1909f56bfc062723c751e8b465ee728b)  -> (artifact id: '0e696f1445d6b10c24ed7c7e8980232c') in 0.006340 seconds
Number of updated asset objects reloaded before import = 0
Number of asset objects unloaded after import = 48
========================================================================
Received Import Request.
  Time since last request: 2.962384 seconds.
  path: Assets/Resources/Prefabs/UI/Popup/UI_Welcome.prefab
  artifactKey: Guid(539a372e3528b7c43a0eb3b96f357743) Importer(815301076,1909f56bfc062723c751e8b465ee728b)
Start importing Assets/Resources/Prefabs/UI/Popup/UI_Welcome.prefab using Guid(539a372e3528b7c43a0eb3b96f357743) Importer(815301076,1909f56bfc062723c751e8b465ee728b)  -> (artifact id: '9cffeb5c68fb90423b629696488b767a') in 0.007384 seconds
Number of updated asset objects reloaded before import = 0
Number of asset objects unloaded after import = 44
========================================================================
Received Import Request.
  Time since last request: 10.238301 seconds.
  path: Assets/Resources/Prefabs/UI/Popup/UI_Welcome.prefab
  artifactKey: Guid(539a372e3528b7c43a0eb3b96f357743) Importer(815301076,1909f56bfc062723c751e8b465ee728b)
Start importing Assets/Resources/Prefabs/UI/Popup/UI_Welcome.prefab using Guid(539a372e3528b7c43a0eb3b96f357743) Importer(815301076,1909f56bfc062723c751e8b465ee728b)  -> (artifact id: '8e519138dcf1406260583abc79bff985') in 0.008205 seconds
Number of updated asset objects reloaded before import = 0
Number of asset objects unloaded after import = 44
========================================================================
Received Import Request.
  Time since last request: 3.055179 seconds.
  path: Assets/Resources/Prefabs/UI/Popup/UI_Welcome.prefab
  artifactKey: Guid(539a372e3528b7c43a0eb3b96f357743) Importer(815301076,1909f56bfc062723c751e8b465ee728b)
Start importing Assets/Resources/Prefabs/UI/Popup/UI_Welcome.prefab using Guid(539a372e3528b7c43a0eb3b96f357743) Importer(815301076,1909f56bfc062723c751e8b465ee728b)  -> (artifact id: '18a0cead4bc8c1bf8e0d211bd71039c3') in 0.010374 seconds
Number of updated asset objects reloaded before import = 0
Number of asset objects unloaded after import = 44
========================================================================
Received Import Request.
  Time since last request: 2.995164 seconds.
  path: Assets/Resources/Prefabs/UI/Popup/UI_Welcome.prefab
  artifactKey: Guid(539a372e3528b7c43a0eb3b96f357743) Importer(815301076,1909f56bfc062723c751e8b465ee728b)
Start importing Assets/Resources/Prefabs/UI/Popup/UI_Welcome.prefab using Guid(539a372e3528b7c43a0eb3b96f357743) Importer(815301076,1909f56bfc062723c751e8b465ee728b)  -> (artifact id: '4a772f67041289dbaeb0a8f53abee234') in 0.008951 seconds
Number of updated asset objects reloaded before import = 0
Number of asset objects unloaded after import = 44
========================================================================
Received Import Request.
  Time since last request: 5.859163 seconds.
  path: Assets/Resources/Prefabs/UI/Popup/UI_Welcome.prefab
  artifactKey: Guid(539a372e3528b7c43a0eb3b96f357743) Importer(815301076,1909f56bfc062723c751e8b465ee728b)
Start importing Assets/Resources/Prefabs/UI/Popup/UI_Welcome.prefab using Guid(539a372e3528b7c43a0eb3b96f357743) Importer(815301076,1909f56bfc062723c751e8b465ee728b)  -> (artifact id: '2c10bbf32850ff85139fbb7a336ebc3c') in 0.008880 seconds
Number of updated asset objects reloaded before import = 0
Number of asset objects unloaded after import = 44
========================================================================
Received Import Request.
  Time since last request: 4.042293 seconds.
  path: Assets/Resources/Images/UI/Game/Pizza/Topping/Pepperoni/layer_pep half.png
  artifactKey: Guid(7181f22ee7fd3a945b64cd86b417d0ff) Importer(815301076,1909f56bfc062723c751e8b465ee728b)
Start importing Assets/Resources/Images/UI/Game/Pizza/Topping/Pepperoni/layer_pep half.png using Guid(7181f22ee7fd3a945b64cd86b417d0ff) Importer(815301076,1909f56bfc062723c751e8b465ee728b)  -> (artifact id: 'f67a40ed0d4ba4caff4a13cf8e5851b5') in 0.062599 seconds
Number of updated asset objects reloaded before import = 0
Number of asset objects unloaded after import = 3
========================================================================
Received Import Request.
  Time since last request: 0.000142 seconds.
  path: Assets/Resources/Images/UI/Game/Pizza/Topping/Potato/layer_pot half1.png
  artifactKey: Guid(70201c0ef4552cf47bf851c35afa15e2) Importer(815301076,1909f56bfc062723c751e8b465ee728b)
Start importing Assets/Resources/Images/UI/Game/Pizza/Topping/Potato/layer_pot half1.png using Guid(70201c0ef4552cf47bf851c35afa15e2) Importer(815301076,1909f56bfc062723c751e8b465ee728b)  -> (artifact id: 'b47a3d94c030916287962af086fd7288') in 0.051005 seconds
Number of updated asset objects reloaded before import = 0
Number of asset objects unloaded after import = 3
========================================================================
Received Import Request.
  Time since last request: 0.000084 seconds.
  path: Assets/Resources/Images/UI/Game/Pizza/Sauce/layer_tomato half.png
  artifactKey: Guid(9244041470f239b44a3998675cddf62f) Importer(815301076,1909f56bfc062723c751e8b465ee728b)
Start importing Assets/Resources/Images/UI/Game/Pizza/Sauce/layer_tomato half.png using Guid(9244041470f239b44a3998675cddf62f) Importer(815301076,1909f56bfc062723c751e8b465ee728b)  -> (artifact id: '81fec7eaf21eb2b4810e22273b2f42e8') in 0.040407 seconds
Number of updated asset objects reloaded before import = 0
Number of asset objects unloaded after import = 3
========================================================================
Received Import Request.
  Time since last request: 0.000024 seconds.
  path: Assets/Resources/Images/UI/Game/Pizza/Sauce/layer_tomato.png
  artifactKey: Guid(b802e27c32407c144b249081b59cbcc1) Importer(815301076,1909f56bfc062723c751e8b465ee728b)
Start importing Assets/Resources/Images/UI/Game/Pizza/Sauce/layer_tomato.png using Guid(b802e27c32407c144b249081b59cbcc1) Importer(815301076,1909f56bfc062723c751e8b465ee728b)  -> (artifact id: '6870cb2f469f5032d63a369d39e7a23e') in 0.049865 seconds
Number of updated asset objects reloaded before import = 0
Number of asset objects unloaded after import = 3
========================================================================
Received Import Request.
  Time since last request: 1.189234 seconds.
  path: Assets/Resources/Prefabs/UI/Popup/UI_Welcome.prefab
  artifactKey: Guid(539a372e3528b7c43a0eb3b96f357743) Importer(815301076,1909f56bfc062723c751e8b465ee728b)
Start importing Assets/Resources/Prefabs/UI/Popup/UI_Welcome.prefab using Guid(539a372e3528b7c43a0eb3b96f357743) Importer(815301076,1909f56bfc062723c751e8b465ee728b)  -> (artifact id: 'd9aa8b5c5a45d221e9d5fba79fa1a571') in 0.015071 seconds
Number of updated asset objects reloaded before import = 0
Number of asset objects unloaded after import = 44
========================================================================
Received Import Request.
  Time since last request: 9.308024 seconds.
  path: Assets/Resources/Prefabs/UI/Popup/UI_Welcome.prefab
  artifactKey: Guid(539a372e3528b7c43a0eb3b96f357743) Importer(815301076,1909f56bfc062723c751e8b465ee728b)
Start importing Assets/Resources/Prefabs/UI/Popup/UI_Welcome.prefab using Guid(539a372e3528b7c43a0eb3b96f357743) Importer(815301076,1909f56bfc062723c751e8b465ee728b)  -> (artifact id: 'e7a90d853feaa71a2637a0646c32ca20') in 0.008945 seconds
Number of updated asset objects reloaded before import = 0
Number of asset objects unloaded after import = 44
========================================================================
Received Prepare
Begin MonoManager ReloadAssembly
- Loaded All Assemblies, in  1.181 seconds
Refreshing native plugins compatible for Editor in 17.48 ms, found 4 plugins.
Native extension for WindowsStandalone target not found
[Package Manager] Server::EnsureServerProcessIsRunning -- launch failed, reason: Unity was launched with the -noUpm command-line argument
[Package Manager] UpmClient::Send -- Unable to send message (not connected to UPM process).
[Package Manager] Cannot connect to Unity Package Manager local server
Mono: successfully reloaded assembly
[Package Manager] Server::EnsureServerProcessIsRunning -- launch failed, reason: Unity was launched with the -noUpm command-line argument
[Package Manager] UpmClient::Send -- Unable to send message (not connected to UPM process).
[Package Manager] Cannot connect to Unity Package Manager local server
- Finished resetting the current domain, in  2.507 seconds
Domain Reload Profiling: 3671ms
	BeginReloadAssembly (400ms)
		ExecutionOrderSort (0ms)
		DisableScriptedObjects (28ms)
		BackupInstance (0ms)
		ReleaseScriptingObjects (1ms)
		CreateAndSetChildDomain (108ms)
	RebuildCommonClasses (38ms)
	RebuildNativeTypeToScriptingClass (19ms)
	initialDomainReloadingComplete (64ms)
	LoadAllAssembliesAndSetupDomain (643ms)
		LoadAssemblies (829ms)
		RebuildTransferFunctionScriptingTraits (0ms)
		AnalyzeDomain (19ms)
			TypeCache.Refresh (12ms)
				TypeCache.ScanAssembly (0ms)
			ScanForSourceGeneratedMonoScriptInfo (0ms)
			ResolveRequiredComponents (6ms)
	FinalizeReload (2508ms)
		ReleaseScriptCaches (0ms)
		RebuildScriptCaches (0ms)
		SetupLoadedEditorAssemblies (875ms)
			LogAssemblyErrors (0ms)
			InitializePlatformSupportModulesInManaged (21ms)
			SetLoadedEditorAssemblies (8ms)
			RefreshPlugins (0ms)
			BeforeProcessingInitializeOnLoad (198ms)
			ProcessInitializeOnLoadAttributes (553ms)
			ProcessInitializeOnLoadMethodAttributes (68ms)
			AfterProcessingInitializeOnLoad (27ms)
			EditorAssembliesLoaded (1ms)
		ExecutionOrderSort2 (0ms)
		AwakeInstancesAfterBackupRestoration (30ms)
Refreshing native plugins compatible for Editor in 34.35 ms, found 4 plugins.
Preloading 0 native plugins for Editor in 0.00 ms.
Unloading 4300 Unused Serialized files (Serialized files now loaded: 0)
Unloading 48 unused Assets / (42.4 KB). Loaded Objects now: 4849.
Memory consumption went from 144.6 MB to 144.6 MB.
Total: 8.617800 ms (FindLiveObjects: 0.564900 ms CreateObjectMapping: 0.344700 ms MarkObjects: 7.560300 ms  DeleteObjects: 0.145300 ms)

Prepare: number of updated asset objects reloaded= 0
AssetImportParameters requested are different than current active one (requested -> active):
  custom:container-demuxer-ogg: 62fdf1f143b41e24485cea50d1cbac27 -> 
  custom:video-codec-MediaFoundation-h265: 746d11721c4dcdbdad8f713fa42b33f4 -> 
  custom:video-decoder-ogg-theora: a1e56fd34408186e4bbccfd4996cb3dc -> 
  custom:framework-win-MediaFoundation: 216162199b28c13a410421893ffa2e32 -> 
  custom:CustomObjectIndexerAttribute: 756ad292c208cfabdd7b50bc23989ffe -> 
  custom:container-demuxer-webm: 4f35f7cbe854078d1ac9338744f61a02 -> 
  custom:container-muxer-webm: aa71ff27fc2769a1b78a27578f13a17b -> 
  custom:video-decoder-webm-vp8: 9c59270c3fd7afecdb556c50c9e8de78 -> 
  custom:SearchIndexIgnoredProperties: e643bd26f0fe6173181afceb89e7c659 -> 
  custom:AudioImporter_EditorPlatform: d09bf68614088b80899f8185d706f6e7 -> 
  custom:video-encoder-webm-vp8: eb34c28f22e8b96e1ab97ce403110664 -> 
  custom:audio-decoder-ogg-vorbis: bf7c407c2cedff20999df2af8eb42d56 -> 
  custom:audio-encoder-webm-vorbis: bf7c407c2cedff20999df2af8eb42d56 -> 
========================================================================
Received Import Request.
  Time since last request: 76.961175 seconds.
  path: Assets/Resources/Prefabs/UI/Popup/UI_DoInput.prefab
  artifactKey: Guid(f9c3a547343adaa4aa94a2e041b82969) Importer(815301076,1909f56bfc062723c751e8b465ee728b)
Start importing Assets/Resources/Prefabs/UI/Popup/UI_DoInput.prefab using Guid(f9c3a547343adaa4aa94a2e041b82969) Importer(815301076,1909f56bfc062723c751e8b465ee728b)  -> (artifact id: '07a7dc1b0383ef90835fac82df039a24') in 0.047512 seconds
Number of updated asset objects reloaded before import = 0
Number of asset objects unloaded after import = 48
========================================================================
Received Import Request.
  Time since last request: 3.438484 seconds.
  path: Assets/Resources/Prefabs/UI/Popup/UI_DoInput.prefab
  artifactKey: Guid(f9c3a547343adaa4aa94a2e041b82969) Importer(815301076,1909f56bfc062723c751e8b465ee728b)
Start importing Assets/Resources/Prefabs/UI/Popup/UI_DoInput.prefab using Guid(f9c3a547343adaa4aa94a2e041b82969) Importer(815301076,1909f56bfc062723c751e8b465ee728b)  -> (artifact id: 'd85943e56a2dda76437521ead7f6df82') in 0.012748 seconds
Number of updated asset objects reloaded before import = 0
Number of asset objects unloaded after import = 48
========================================================================
Received Prepare
Begin MonoManager ReloadAssembly
- Loaded All Assemblies, in  0.726 seconds
Refreshing native plugins compatible for Editor in 16.82 ms, found 4 plugins.
Native extension for WindowsStandalone target not found
[Package Manager] Server::EnsureServerProcessIsRunning -- launch failed, reason: Unity was launched with the -noUpm command-line argument
[Package Manager] UpmClient::Send -- Unable to send message (not connected to UPM process).
[Package Manager] Cannot connect to Unity Package Manager local server
Mono: successfully reloaded assembly
[Package Manager] Server::EnsureServerProcessIsRunning -- launch failed, reason: Unity was launched with the -noUpm command-line argument
[Package Manager] UpmClient::Send -- Unable to send message (not connected to UPM process).
[Package Manager] Cannot connect to Unity Package Manager local server
- Finished resetting the current domain, in  1.885 seconds
Domain Reload Profiling: 2599ms
	BeginReloadAssembly (227ms)
		ExecutionOrderSort (0ms)
		DisableScriptedObjects (15ms)
		BackupInstance (0ms)
		ReleaseScriptingObjects (0ms)
		CreateAndSetChildDomain (42ms)
	RebuildCommonClasses (42ms)
	RebuildNativeTypeToScriptingClass (13ms)
	initialDomainReloadingComplete (47ms)
	LoadAllAssembliesAndSetupDomain (383ms)
		LoadAssemblies (492ms)
		RebuildTransferFunctionScriptingTraits (0ms)
		AnalyzeDomain (14ms)
			TypeCache.Refresh (7ms)
				TypeCache.ScanAssembly (0ms)
			ScanForSourceGeneratedMonoScriptInfo (0ms)
			ResolveRequiredComponents (6ms)
	FinalizeReload (1886ms)
		ReleaseScriptCaches (0ms)
		RebuildScriptCaches (0ms)
		SetupLoadedEditorAssemblies (798ms)
			LogAssemblyErrors (0ms)
			InitializePlatformSupportModulesInManaged (19ms)
			SetLoadedEditorAssemblies (7ms)
			RefreshPlugins (0ms)
			BeforeProcessingInitializeOnLoad (189ms)
			ProcessInitializeOnLoadAttributes (495ms)
			ProcessInitializeOnLoadMethodAttributes (56ms)
			AfterProcessingInitializeOnLoad (32ms)
			EditorAssembliesLoaded (0ms)
		ExecutionOrderSort2 (0ms)
		AwakeInstancesAfterBackupRestoration (30ms)
Refreshing native plugins compatible for Editor in 37.42 ms, found 4 plugins.
Preloading 0 native plugins for Editor in 0.00 ms.
Unloading 4300 Unused Serialized files (Serialized files now loaded: 0)
Unloading 48 unused Assets / (42.5 KB). Loaded Objects now: 4853.
Memory consumption went from 144.6 MB to 144.6 MB.
Total: 4.765600 ms (FindLiveObjects: 0.447200 ms CreateObjectMapping: 0.271500 ms MarkObjects: 3.927100 ms  DeleteObjects: 0.118200 ms)

Prepare: number of updated asset objects reloaded= 0
AssetImportParameters requested are different than current active one (requested -> active):
  custom:container-demuxer-ogg: 62fdf1f143b41e24485cea50d1cbac27 -> 
  custom:video-codec-MediaFoundation-h265: 746d11721c4dcdbdad8f713fa42b33f4 -> 
  custom:video-decoder-ogg-theora: a1e56fd34408186e4bbccfd4996cb3dc -> 
  custom:framework-win-MediaFoundation: 216162199b28c13a410421893ffa2e32 -> 
  custom:CustomObjectIndexerAttribute: 756ad292c208cfabdd7b50bc23989ffe -> 
  custom:container-demuxer-webm: 4f35f7cbe854078d1ac9338744f61a02 -> 
  custom:container-muxer-webm: aa71ff27fc2769a1b78a27578f13a17b -> 
  custom:video-decoder-webm-vp8: 9c59270c3fd7afecdb556c50c9e8de78 -> 
  custom:SearchIndexIgnoredProperties: e643bd26f0fe6173181afceb89e7c659 -> 
  custom:AudioImporter_EditorPlatform: d09bf68614088b80899f8185d706f6e7 -> 
  custom:video-encoder-webm-vp8: eb34c28f22e8b96e1ab97ce403110664 -> 
  custom:audio-decoder-ogg-vorbis: bf7c407c2cedff20999df2af8eb42d56 -> 
  custom:audio-encoder-webm-vorbis: bf7c407c2cedff20999df2af8eb42d56 -> 
========================================================================
Received Prepare
Begin MonoManager ReloadAssembly
- Loaded All Assemblies, in  0.801 seconds
Refreshing native plugins compatible for Editor in 27.62 ms, found 4 plugins.
Native extension for WindowsStandalone target not found
[Package Manager] Server::EnsureServerProcessIsRunning -- launch failed, reason: Unity was launched with the -noUpm command-line argument
[Package Manager] UpmClient::Send -- Unable to send message (not connected to UPM process).
[Package Manager] Cannot connect to Unity Package Manager local server
Mono: successfully reloaded assembly
[Package Manager] Server::EnsureServerProcessIsRunning -- launch failed, reason: Unity was launched with the -noUpm command-line argument
[Package Manager] UpmClient::Send -- Unable to send message (not connected to UPM process).
[Package Manager] Cannot connect to Unity Package Manager local server
- Finished resetting the current domain, in  2.853 seconds
Domain Reload Profiling: 3635ms
	BeginReloadAssembly (224ms)
		ExecutionOrderSort (0ms)
		DisableScriptedObjects (10ms)
		BackupInstance (0ms)
		ReleaseScriptingObjects (0ms)
		CreateAndSetChildDomain (40ms)
	RebuildCommonClasses (36ms)
	RebuildNativeTypeToScriptingClass (13ms)
	initialDomainReloadingComplete (58ms)
	LoadAllAssembliesAndSetupDomain (450ms)
		LoadAssemblies (572ms)
		RebuildTransferFunctionScriptingTraits (0ms)
		AnalyzeDomain (13ms)
			TypeCache.Refresh (6ms)
				TypeCache.ScanAssembly (0ms)
			ScanForSourceGeneratedMonoScriptInfo (0ms)
			ResolveRequiredComponents (6ms)
	FinalizeReload (2854ms)
		ReleaseScriptCaches (0ms)
		RebuildScriptCaches (0ms)
		SetupLoadedEditorAssemblies (1057ms)
			LogAssemblyErrors (0ms)
			InitializePlatformSupportModulesInManaged (24ms)
			SetLoadedEditorAssemblies (8ms)
			RefreshPlugins (0ms)
			BeforeProcessingInitializeOnLoad (250ms)
			ProcessInitializeOnLoadAttributes (657ms)
			ProcessInitializeOnLoadMethodAttributes (74ms)
			AfterProcessingInitializeOnLoad (44ms)
			EditorAssembliesLoaded (1ms)
		ExecutionOrderSort2 (0ms)
		AwakeInstancesAfterBackupRestoration (37ms)
Refreshing native plugins compatible for Editor in 42.76 ms, found 4 plugins.
Preloading 0 native plugins for Editor in 0.00 ms.
Unloading 4301 Unused Serialized files (Serialized files now loaded: 0)
Unloading 48 unused Assets / (42.4 KB). Loaded Objects now: 4857.
Memory consumption went from 144.9 MB to 144.8 MB.
Total: 6.631700 ms (FindLiveObjects: 0.532300 ms CreateObjectMapping: 0.408400 ms MarkObjects: 5.553700 ms  DeleteObjects: 0.135100 ms)

Prepare: number of updated asset objects reloaded= 0
AssetImportParameters requested are different than current active one (requested -> active):
  custom:container-demuxer-ogg: 62fdf1f143b41e24485cea50d1cbac27 -> 
  custom:video-codec-MediaFoundation-h265: 746d11721c4dcdbdad8f713fa42b33f4 -> 
  custom:video-decoder-ogg-theora: a1e56fd34408186e4bbccfd4996cb3dc -> 
  custom:framework-win-MediaFoundation: 216162199b28c13a410421893ffa2e32 -> 
  custom:CustomObjectIndexerAttribute: 756ad292c208cfabdd7b50bc23989ffe -> 
  custom:container-demuxer-webm: 4f35f7cbe854078d1ac9338744f61a02 -> 
  custom:container-muxer-webm: aa71ff27fc2769a1b78a27578f13a17b -> 
  custom:video-decoder-webm-vp8: 9c59270c3fd7afecdb556c50c9e8de78 -> 
  custom:SearchIndexIgnoredProperties: e643bd26f0fe6173181afceb89e7c659 -> 
  custom:AudioImporter_EditorPlatform: d09bf68614088b80899f8185d706f6e7 -> 
  custom:video-encoder-webm-vp8: eb34c28f22e8b96e1ab97ce403110664 -> 
  custom:audio-decoder-ogg-vorbis: bf7c407c2cedff20999df2af8eb42d56 -> 
  custom:audio-encoder-webm-vorbis: bf7c407c2cedff20999df2af8eb42d56 -> 
========================================================================
Received Import Request.
  Time since last request: 57.582502 seconds.
  path: Assets/Resources/Prefabs/UI/Popup/UI_Welcome.prefab
  artifactKey: Guid(539a372e3528b7c43a0eb3b96f357743) Importer(815301076,1909f56bfc062723c751e8b465ee728b)
Start importing Assets/Resources/Prefabs/UI/Popup/UI_Welcome.prefab using Guid(539a372e3528b7c43a0eb3b96f357743) Importer(815301076,1909f56bfc062723c751e8b465ee728b)  -> (artifact id: '119bc8efbd282e8dc3cb51eb59c1381c') in 0.049161 seconds
Number of updated asset objects reloaded before import = 0
Number of asset objects unloaded after import = 44
========================================================================
Received Import Request.
  Time since last request: 9.618649 seconds.
  path: Assets/Resources/Prefabs/UI/Popup/UI_Welcome.prefab
  artifactKey: Guid(539a372e3528b7c43a0eb3b96f357743) Importer(815301076,1909f56bfc062723c751e8b465ee728b)
Start importing Assets/Resources/Prefabs/UI/Popup/UI_Welcome.prefab using Guid(539a372e3528b7c43a0eb3b96f357743) Importer(815301076,1909f56bfc062723c751e8b465ee728b)  -> (artifact id: '7cb17acadad1c4f219b6c70cf8a7f0a1') in 0.007940 seconds
Number of updated asset objects reloaded before import = 0
Number of asset objects unloaded after import = 44
========================================================================
Received Import Request.
  Time since last request: 3.359238 seconds.
  path: Assets/Resources/Prefabs/UI/Popup/UI_Welcome.prefab
  artifactKey: Guid(539a372e3528b7c43a0eb3b96f357743) Importer(815301076,1909f56bfc062723c751e8b465ee728b)
Start importing Assets/Resources/Prefabs/UI/Popup/UI_Welcome.prefab using Guid(539a372e3528b7c43a0eb3b96f357743) Importer(815301076,1909f56bfc062723c751e8b465ee728b)  -> (artifact id: '76794c84629666c92bc09961c45c6c19') in 0.005819 seconds
Number of updated asset objects reloaded before import = 0
Number of asset objects unloaded after import = 44
========================================================================
Received Import Request.
  Time since last request: 13.084297 seconds.
  path: Assets/Resources/Prefabs/UI/Popup/UI_Welcome.prefab
  artifactKey: Guid(539a372e3528b7c43a0eb3b96f357743) Importer(815301076,1909f56bfc062723c751e8b465ee728b)
Start importing Assets/Resources/Prefabs/UI/Popup/UI_Welcome.prefab using Guid(539a372e3528b7c43a0eb3b96f357743) Importer(815301076,1909f56bfc062723c751e8b465ee728b)  -> (artifact id: 'f8232d909437f746f1ff59a53d491805') in 0.006653 seconds
Number of updated asset objects reloaded before import = 0
Number of asset objects unloaded after import = 44
========================================================================
Received Import Request.
  Time since last request: 5.920689 seconds.
  path: Assets/Resources/Prefabs/UI/Popup/UI_Welcome.prefab
  artifactKey: Guid(539a372e3528b7c43a0eb3b96f357743) Importer(815301076,1909f56bfc062723c751e8b465ee728b)
Start importing Assets/Resources/Prefabs/UI/Popup/UI_Welcome.prefab using Guid(539a372e3528b7c43a0eb3b96f357743) Importer(815301076,1909f56bfc062723c751e8b465ee728b)  -> (artifact id: 'e8d87a8ebb9832cead9b15b88f8531a8') in 0.007165 seconds
Number of updated asset objects reloaded before import = 0
Number of asset objects unloaded after import = 44
========================================================================
Received Prepare
Begin MonoManager ReloadAssembly
- Loaded All Assemblies, in  0.728 seconds
Refreshing native plugins compatible for Editor in 17.44 ms, found 4 plugins.
Native extension for WindowsStandalone target not found
[Package Manager] Server::EnsureServerProcessIsRunning -- launch failed, reason: Unity was launched with the -noUpm command-line argument
[Package Manager] UpmClient::Send -- Unable to send message (not connected to UPM process).
[Package Manager] Cannot connect to Unity Package Manager local server
Mono: successfully reloaded assembly
[Package Manager] Server::EnsureServerProcessIsRunning -- launch failed, reason: Unity was launched with the -noUpm command-line argument
[Package Manager] UpmClient::Send -- Unable to send message (not connected to UPM process).
[Package Manager] Cannot connect to Unity Package Manager local server
- Finished resetting the current domain, in  1.551 seconds
Domain Reload Profiling: 2268ms
	BeginReloadAssembly (233ms)
		ExecutionOrderSort (0ms)
		DisableScriptedObjects (14ms)
		BackupInstance (0ms)
		ReleaseScriptingObjects (0ms)
		CreateAndSetChildDomain (36ms)
	RebuildCommonClasses (41ms)
	RebuildNativeTypeToScriptingClass (11ms)
	initialDomainReloadingComplete (52ms)
	LoadAllAssembliesAndSetupDomain (381ms)
		LoadAssemblies (511ms)
		RebuildTransferFunctionScriptingTraits (0ms)
		AnalyzeDomain (10ms)
			TypeCache.Refresh (5ms)
				TypeCache.ScanAssembly (0ms)
			ScanForSourceGeneratedMonoScriptInfo (0ms)
			ResolveRequiredComponents (4ms)
	FinalizeReload (1551ms)
		ReleaseScriptCaches (0ms)
		RebuildScriptCaches (0ms)
		SetupLoadedEditorAssemblies (583ms)
			LogAssemblyErrors (0ms)
			InitializePlatformSupportModulesInManaged (8ms)
			SetLoadedEditorAssemblies (5ms)
			RefreshPlugins (0ms)
			BeforeProcessingInitializeOnLoad (88ms)
			ProcessInitializeOnLoadAttributes (389ms)
			ProcessInitializeOnLoadMethodAttributes (60ms)
			AfterProcessingInitializeOnLoad (33ms)
			EditorAssembliesLoaded (1ms)
		ExecutionOrderSort2 (0ms)
		AwakeInstancesAfterBackupRestoration (31ms)
Refreshing native plugins compatible for Editor in 31.75 ms, found 4 plugins.
Preloading 0 native plugins for Editor in 0.00 ms.
Unloading 4300 Unused Serialized files (Serialized files now loaded: 0)
Unloading 48 unused Assets / (43.4 KB). Loaded Objects now: 4861.
Memory consumption went from 144.6 MB to 144.6 MB.
Total: 5.530900 ms (FindLiveObjects: 0.471600 ms CreateObjectMapping: 0.210400 ms MarkObjects: 4.732400 ms  DeleteObjects: 0.114700 ms)

Prepare: number of updated asset objects reloaded= 0
AssetImportParameters requested are different than current active one (requested -> active):
  custom:container-demuxer-ogg: 62fdf1f143b41e24485cea50d1cbac27 -> 
  custom:video-codec-MediaFoundation-h265: 746d11721c4dcdbdad8f713fa42b33f4 -> 
  custom:video-decoder-ogg-theora: a1e56fd34408186e4bbccfd4996cb3dc -> 
  custom:framework-win-MediaFoundation: 216162199b28c13a410421893ffa2e32 -> 
  custom:CustomObjectIndexerAttribute: 756ad292c208cfabdd7b50bc23989ffe -> 
  custom:container-demuxer-webm: 4f35f7cbe854078d1ac9338744f61a02 -> 
  custom:container-muxer-webm: aa71ff27fc2769a1b78a27578f13a17b -> 
  custom:video-decoder-webm-vp8: 9c59270c3fd7afecdb556c50c9e8de78 -> 
  custom:SearchIndexIgnoredProperties: e643bd26f0fe6173181afceb89e7c659 -> 
  custom:AudioImporter_EditorPlatform: d09bf68614088b80899f8185d706f6e7 -> 
  custom:video-encoder-webm-vp8: eb34c28f22e8b96e1ab97ce403110664 -> 
  custom:audio-decoder-ogg-vorbis: bf7c407c2cedff20999df2af8eb42d56 -> 
  custom:audio-encoder-webm-vorbis: bf7c407c2cedff20999df2af8eb42d56 -> 
========================================================================
Received Import Request.
  Time since last request: 27.806025 seconds.
  path: Assets/Resources/Prefabs/UI/Scene/UI_Lobby.prefab
  artifactKey: Guid(64d5cc27c37c565438e79bbcd60b9bf2) Importer(815301076,1909f56bfc062723c751e8b465ee728b)
Start importing Assets/Resources/Prefabs/UI/Scene/UI_Lobby.prefab using Guid(64d5cc27c37c565438e79bbcd60b9bf2) Importer(815301076,1909f56bfc062723c751e8b465ee728b)  -> (artifact id: '7735609b7aeb42fdb65218819a7853eb') in 0.046270 seconds
Number of updated asset objects reloaded before import = 0
Number of asset objects unloaded after import = 46
========================================================================
Received Import Request.
  Time since last request: 7.156798 seconds.
  path: Assets/Resources/Prefabs/UI/Scene/UI_Lobby.prefab
  artifactKey: Guid(64d5cc27c37c565438e79bbcd60b9bf2) Importer(815301076,1909f56bfc062723c751e8b465ee728b)
Start importing Assets/Resources/Prefabs/UI/Scene/UI_Lobby.prefab using Guid(64d5cc27c37c565438e79bbcd60b9bf2) Importer(815301076,1909f56bfc062723c751e8b465ee728b)  -> (artifact id: 'ea989daab9bc3b4b861bb4de4b11df3f') in 0.008074 seconds
Number of updated asset objects reloaded before import = 0
Number of asset objects unloaded after import = 46
========================================================================
Received Import Request.
  Time since last request: 5.253324 seconds.
  path: Assets/Resources/Prefabs/UI/Scene/UI_Lobby.prefab
  artifactKey: Guid(64d5cc27c37c565438e79bbcd60b9bf2) Importer(815301076,1909f56bfc062723c751e8b465ee728b)
Start importing Assets/Resources/Prefabs/UI/Scene/UI_Lobby.prefab using Guid(64d5cc27c37c565438e79bbcd60b9bf2) Importer(815301076,1909f56bfc062723c751e8b465ee728b)  -> (artifact id: '0cb9d5b6829266a8e2cdc2dc3bfa2a14') in 0.008579 seconds
Number of updated asset objects reloaded before import = 0
Number of asset objects unloaded after import = 46
========================================================================
Received Import Request.
  Time since last request: 2.434169 seconds.
  path: Assets/Resources/Prefabs/UI/Scene/UI_Lobby.prefab
  artifactKey: Guid(64d5cc27c37c565438e79bbcd60b9bf2) Importer(815301076,1909f56bfc062723c751e8b465ee728b)
Start importing Assets/Resources/Prefabs/UI/Scene/UI_Lobby.prefab using Guid(64d5cc27c37c565438e79bbcd60b9bf2) Importer(815301076,1909f56bfc062723c751e8b465ee728b)  -> (artifact id: '4ca64faaced6a86ab5f61ad0413c0f5e') in 0.007403 seconds
Number of updated asset objects reloaded before import = 0
Number of asset objects unloaded after import = 46
========================================================================
Received Import Request.
  Time since last request: 15.525201 seconds.
  path: Assets/Resources/Prefabs/UI/Scene/UI_Lobby.prefab
  artifactKey: Guid(64d5cc27c37c565438e79bbcd60b9bf2) Importer(815301076,1909f56bfc062723c751e8b465ee728b)
Start importing Assets/Resources/Prefabs/UI/Scene/UI_Lobby.prefab using Guid(64d5cc27c37c565438e79bbcd60b9bf2) Importer(815301076,1909f56bfc062723c751e8b465ee728b)  -> (artifact id: 'deeeb7dfadcb30923e9269f3b571fd0b') in 0.010079 seconds
Number of updated asset objects reloaded before import = 0
Number of asset objects unloaded after import = 46
========================================================================
Received Import Request.
  Time since last request: 13.119054 seconds.
  path: Assets/Resources/Prefabs/UI/Scene/UI_Lobby.prefab
  artifactKey: Guid(64d5cc27c37c565438e79bbcd60b9bf2) Importer(815301076,1909f56bfc062723c751e8b465ee728b)
Start importing Assets/Resources/Prefabs/UI/Scene/UI_Lobby.prefab using Guid(64d5cc27c37c565438e79bbcd60b9bf2) Importer(815301076,1909f56bfc062723c751e8b465ee728b)  -> (artifact id: '6d3a6d9595e61680564756d063bbea22') in 0.009233 seconds
Number of updated asset objects reloaded before import = 0
Number of asset objects unloaded after import = 46
========================================================================
Received Prepare
Begin MonoManager ReloadAssembly
- Loaded All Assemblies, in  0.749 seconds
Refreshing native plugins compatible for Editor in 12.55 ms, found 4 plugins.
Native extension for WindowsStandalone target not found
[Package Manager] Server::EnsureServerProcessIsRunning -- launch failed, reason: Unity was launched with the -noUpm command-line argument
[Package Manager] UpmClient::Send -- Unable to send message (not connected to UPM process).
[Package Manager] Cannot connect to Unity Package Manager local server
Mono: successfully reloaded assembly
[Package Manager] Server::EnsureServerProcessIsRunning -- launch failed, reason: Unity was launched with the -noUpm command-line argument
[Package Manager] UpmClient::Send -- Unable to send message (not connected to UPM process).
[Package Manager] Cannot connect to Unity Package Manager local server
- Finished resetting the current domain, in  1.687 seconds
Domain Reload Profiling: 2422ms
	BeginReloadAssembly (219ms)
		ExecutionOrderSort (0ms)
		DisableScriptedObjects (14ms)
		BackupInstance (0ms)
		ReleaseScriptingObjects (0ms)
		CreateAndSetChildDomain (40ms)
	RebuildCommonClasses (41ms)
	RebuildNativeTypeToScriptingClass (12ms)
	initialDomainReloadingComplete (60ms)
	LoadAllAssembliesAndSetupDomain (402ms)
		LoadAssemblies (512ms)
		RebuildTransferFunctionScriptingTraits (0ms)
		AnalyzeDomain (12ms)
			TypeCache.Refresh (5ms)
				TypeCache.ScanAssembly (0ms)
			ScanForSourceGeneratedMonoScriptInfo (0ms)
			ResolveRequiredComponents (5ms)
	FinalizeReload (1688ms)
		ReleaseScriptCaches (0ms)
		RebuildScriptCaches (0ms)
		SetupLoadedEditorAssemblies (768ms)
			LogAssemblyErrors (0ms)
			InitializePlatformSupportModulesInManaged (13ms)
			SetLoadedEditorAssemblies (6ms)
			RefreshPlugins (0ms)
			BeforeProcessingInitializeOnLoad (135ms)
			ProcessInitializeOnLoadAttributes (513ms)
			ProcessInitializeOnLoadMethodAttributes (67ms)
			AfterProcessingInitializeOnLoad (33ms)
			EditorAssembliesLoaded (0ms)
		ExecutionOrderSort2 (0ms)
		AwakeInstancesAfterBackupRestoration (29ms)
Refreshing native plugins compatible for Editor in 32.55 ms, found 4 plugins.
Preloading 0 native plugins for Editor in 0.00 ms.
Unloading 4300 Unused Serialized files (Serialized files now loaded: 0)
Unloading 48 unused Assets / (42.4 KB). Loaded Objects now: 4865.
Memory consumption went from 144.6 MB to 144.6 MB.
Total: 5.274200 ms (FindLiveObjects: 0.592700 ms CreateObjectMapping: 0.341300 ms MarkObjects: 4.226200 ms  DeleteObjects: 0.112200 ms)

Prepare: number of updated asset objects reloaded= 0
AssetImportParameters requested are different than current active one (requested -> active):
  custom:container-demuxer-ogg: 62fdf1f143b41e24485cea50d1cbac27 -> 
  custom:video-codec-MediaFoundation-h265: 746d11721c4dcdbdad8f713fa42b33f4 -> 
  custom:video-decoder-ogg-theora: a1e56fd34408186e4bbccfd4996cb3dc -> 
  custom:framework-win-MediaFoundation: 216162199b28c13a410421893ffa2e32 -> 
  custom:CustomObjectIndexerAttribute: 756ad292c208cfabdd7b50bc23989ffe -> 
  custom:container-demuxer-webm: 4f35f7cbe854078d1ac9338744f61a02 -> 
  custom:container-muxer-webm: aa71ff27fc2769a1b78a27578f13a17b -> 
  custom:video-decoder-webm-vp8: 9c59270c3fd7afecdb556c50c9e8de78 -> 
  custom:SearchIndexIgnoredProperties: e643bd26f0fe6173181afceb89e7c659 -> 
  custom:AudioImporter_EditorPlatform: d09bf68614088b80899f8185d706f6e7 -> 
  custom:video-encoder-webm-vp8: eb34c28f22e8b96e1ab97ce403110664 -> 
  custom:audio-decoder-ogg-vorbis: bf7c407c2cedff20999df2af8eb42d56 -> 
  custom:audio-encoder-webm-vorbis: bf7c407c2cedff20999df2af8eb42d56 -> 
========================================================================
Received Import Request.
  Time since last request: 103.182640 seconds.
  path: Assets/Resources/Images/UI/Main/MainCharacter.prefab
  artifactKey: Guid(c666459c2166dd049829f35e8993fbbb) Importer(815301076,1909f56bfc062723c751e8b465ee728b)
Start importing Assets/Resources/Images/UI/Main/MainCharacter.prefab using Guid(c666459c2166dd049829f35e8993fbbb) Importer(815301076,1909f56bfc062723c751e8b465ee728b)  -> (artifact id: '00d99e3a066b9bf179614bbfa5124e49') in 0.045990 seconds
Number of updated asset objects reloaded before import = 0
Number of asset objects unloaded after import = 8
========================================================================
Received Import Request.
  Time since last request: 22.991488 seconds.
  path: Assets/Resources/Prefabs/UI/Scene/UI_Main.prefab
  artifactKey: Guid(96bc59edbebb69349ac7849bb3aac4a6) Importer(815301076,1909f56bfc062723c751e8b465ee728b)
Start importing Assets/Resources/Prefabs/UI/Scene/UI_Main.prefab using Guid(96bc59edbebb69349ac7849bb3aac4a6) Importer(815301076,1909f56bfc062723c751e8b465ee728b)  -> (artifact id: 'deba16f8c33ec9759e97080e1c328fc6') in 0.024459 seconds
Number of updated asset objects reloaded before import = 0
Number of asset objects unloaded after import = 90
========================================================================
Received Import Request.
  Time since last request: 2.719136 seconds.
  path: Assets/Resources/Images/UI/Main/start_button.png
  artifactKey: Guid(04dc18b6f5a615c43b3681332d1bca8e) Importer(815301076,1909f56bfc062723c751e8b465ee728b)
Start importing Assets/Resources/Images/UI/Main/start_button.png using Guid(04dc18b6f5a615c43b3681332d1bca8e) Importer(815301076,1909f56bfc062723c751e8b465ee728b)  -> (artifact id: 'bda8557c73607cd05a664bc23f932994') in 0.164523 seconds
Number of updated asset objects reloaded before import = 0
Number of asset objects unloaded after import = 3
========================================================================
Received Import Request.
  Time since last request: 0.000033 seconds.
  path: Assets/Resources/Images/UI/Main/UI_1.png
  artifactKey: Guid(f4f80b1bd1ac56a47858d0db6b77f483) Importer(815301076,1909f56bfc062723c751e8b465ee728b)
Start importing Assets/Resources/Images/UI/Main/UI_1.png using Guid(f4f80b1bd1ac56a47858d0db6b77f483) Importer(815301076,1909f56bfc062723c751e8b465ee728b)  -> (artifact id: 'b2d13bddcd8bbedca7c6e73c52ffe795') in 0.062069 seconds
Number of updated asset objects reloaded before import = 0
Number of asset objects unloaded after import = 3
========================================================================
Received Import Request.
  Time since last request: 0.000415 seconds.
  path: Assets/Resources/Images/UI/Main/UI_money2.png
  artifactKey: Guid(14dc50cf0e7f32f448b3057453d1c24b) Importer(815301076,1909f56bfc062723c751e8b465ee728b)
Start importing Assets/Resources/Images/UI/Main/UI_money2.png using Guid(14dc50cf0e7f32f448b3057453d1c24b) Importer(815301076,1909f56bfc062723c751e8b465ee728b)  -> (artifact id: '220a84bd4b01f01fd354631568ebaafd') in 0.078826 seconds
Number of updated asset objects reloaded before import = 0
Number of asset objects unloaded after import = 3
========================================================================
Received Import Request.
  Time since last request: 0.000030 seconds.
  path: Assets/Resources/Images/UI/Main/출근하기.png
  artifactKey: Guid(3e9384befda1da74dafb71ff765c8872) Importer(815301076,1909f56bfc062723c751e8b465ee728b)
Start importing Assets/Resources/Images/UI/Main/출근하기.png using Guid(3e9384befda1da74dafb71ff765c8872) Importer(815301076,1909f56bfc062723c751e8b465ee728b)  -> (artifact id: '00d4f0c72f4056caf88db5bebace7596') in 0.058831 seconds
Number of updated asset objects reloaded before import = 0
Number of asset objects unloaded after import = 3
========================================================================
Received Import Request.
  Time since last request: 0.000026 seconds.
  path: Assets/Resources/Images/UI/Main/UI_recipe.png
  artifactKey: Guid(7897a1452af60a0488776a7affdf9f5a) Importer(815301076,1909f56bfc062723c751e8b465ee728b)
Start importing Assets/Resources/Images/UI/Main/UI_recipe.png using Guid(7897a1452af60a0488776a7affdf9f5a) Importer(815301076,1909f56bfc062723c751e8b465ee728b)  -> (artifact id: '7df02e86e2d83917e65b2f97197fd948') in 0.048307 seconds
Number of updated asset objects reloaded before import = 0
Number of asset objects unloaded after import = 3
========================================================================
Received Import Request.
  Time since last request: 1.384753 seconds.
  path: Assets/Resources/Animations/UI/Main/애니메이션 작업 유의사항.jpg
  artifactKey: Guid(ae1bceb26f37a9f4cb0222305945d669) Importer(815301076,1909f56bfc062723c751e8b465ee728b)
Start importing Assets/Resources/Animations/UI/Main/애니메이션 작업 유의사항.jpg using Guid(ae1bceb26f37a9f4cb0222305945d669) Importer(815301076,1909f56bfc062723c751e8b465ee728b)  -> (artifact id: '2e03cfca1747121331aa8edaeaa9558d') in 0.070966 seconds
Number of updated asset objects reloaded before import = 0
Number of asset objects unloaded after import = 3
Editor requested this worker to shutdown with reason: Scaling down because of idle timeout
TcpMessagingSession - receive error: operation aborted. errorcode: 995, details:   Ǵ  α׷ û  I/O ۾ ҵǾϴ.
AssetImportWorker is now disconnected from the server
Process exiting
Exiting without the bug reporter. Application will terminate with return code 0