Using pre-set license
Built from '2022.3/staging' branch; Version is '2022.3.9f1 (ea401c316338) revision 15351836'; Using compiler version '192829333'; Build Type 'Release'
OS: 'Windows 11  (10.0.22621) 64bit Core' Language: 'ko' Physical Memory: 7891 MB
BatchMode: 1, IsHumanControllingUs: 0, StartBugReporterOnCrash: 0, Is64bit: 1, IsPro: 1

COMMAND LINE ARGUMENTS:
C:\Program Files\Unity\Hub\Editor\2022.3.9f1\Editor\Unity.exe
-adb2
-batchMode
-noUpm
-name
AssetImportWorker11
-projectPath
C:/Users/82104/Desktop/Save-the-Part-Timer-
-logFile
Logs/AssetImportWorker11.log
-srvPort
50321
Successfully changed project path to: C:/Users/82104/Desktop/Save-the-Part-Timer-
C:/Users/82104/Desktop/Save-the-Part-Timer-
[UnityMemory] Configuration Parameters - Can be set up in boot.config
    "memorysetup-bucket-allocator-granularity=16"
    "memorysetup-bucket-allocator-bucket-count=8"
    "memorysetup-bucket-allocator-block-size=33554432"
    "memorysetup-bucket-allocator-block-count=8"
    "memorysetup-main-allocator-block-size=16777216"
    "memorysetup-thread-allocator-block-size=16777216"
    "memorysetup-gfx-main-allocator-block-size=16777216"
    "memorysetup-gfx-thread-allocator-block-size=16777216"
    "memorysetup-cache-allocator-block-size=4194304"
    "memorysetup-typetree-allocator-block-size=2097152"
    "memorysetup-profiler-bucket-allocator-granularity=16"
    "memorysetup-profiler-bucket-allocator-bucket-count=8"
    "memorysetup-profiler-bucket-allocator-block-size=33554432"
    "memorysetup-profiler-bucket-allocator-block-count=8"
    "memorysetup-profiler-allocator-block-size=16777216"
    "memorysetup-profiler-editor-allocator-block-size=1048576"
    "memorysetup-temp-allocator-size-main=16777216"
    "memorysetup-job-temp-allocator-block-size=2097152"
    "memorysetup-job-temp-allocator-block-size-background=1048576"
    "memorysetup-job-temp-allocator-reduction-small-platforms=262144"
    "memorysetup-allocator-temp-initial-block-size-main=262144"
    "memorysetup-allocator-temp-initial-block-size-worker=262144"
    "memorysetup-temp-allocator-size-background-worker=32768"
    "memorysetup-temp-allocator-size-job-worker=262144"
    "memorysetup-temp-allocator-size-preload-manager=33554432"
    "memorysetup-temp-allocator-size-nav-mesh-worker=65536"
    "memorysetup-temp-allocator-size-audio-worker=65536"
    "memorysetup-temp-allocator-size-cloud-worker=32768"
    "memorysetup-temp-allocator-size-gi-baking-worker=262144"
    "memorysetup-temp-allocator-size-gfx=262144"
Player connection [13056] Host "[IP] 192.168.123.103 [Port] 0 [Flags] 2 [Guid] 1710586515 [EditorId] 1710586515 [Version] 1048832 [Id] WindowsEditor(7,LAPTOP-3EOGRD3V) [Debug] 1 [PackageName] WindowsEditor [ProjectName] Editor" joined multi-casting on [225.0.0.222:54997]...

Player connection [13056] Host "[IP] 192.168.123.103 [Port] 0 [Flags] 2 [Guid] 1710586515 [EditorId] 1710586515 [Version] 1048832 [Id] WindowsEditor(7,LAPTOP-3EOGRD3V) [Debug] 1 [PackageName] WindowsEditor [ProjectName] Editor" joined alternative multi-casting on [225.0.0.222:34997]...

[Physics::Module] Initialized MultithreadedJobDispatcher with 11 workers.
Refreshing native plugins compatible for Editor in 102.86 ms, found 4 plugins.
Preloading 0 native plugins for Editor in 0.00 ms.
Initialize engine version: 2022.3.9f1 (ea401c316338)
[Subsystems] Discovering subsystems at path C:/Program Files/Unity/Hub/Editor/2022.3.9f1/Editor/Data/Resources/UnitySubsystems
[Subsystems] Discovering subsystems at path C:/Users/82104/Desktop/Save-the-Part-Timer-/Assets
GfxDevice: creating device client; threaded=0; jobified=0
Direct3D:
    Version:  Direct3D 11.0 [level 11.1]
    Renderer: Intel(R) Iris(R) Xe Graphics (ID=0x46a8)
    Vendor:   Intel
    VRAM:     3945 MB
    Driver:   30.0.101.2079
Initialize mono
Mono path[0] = 'C:/Program Files/Unity/Hub/Editor/2022.3.9f1/Editor/Data/Managed'
Mono path[1] = 'C:/Program Files/Unity/Hub/Editor/2022.3.9f1/Editor/Data/MonoBleedingEdge/lib/mono/unityjit-win32'
Mono config path = 'C:/Program Files/Unity/Hub/Editor/2022.3.9f1/Editor/Data/MonoBleedingEdge/etc'
Using monoOptions --debugger-agent=transport=dt_socket,embedding=1,server=y,suspend=n,address=127.0.0.1:56820
Begin MonoManager ReloadAssembly
Registering precompiled unity dll's ...
Register platform support module: C:/Program Files/Unity/Hub/Editor/2022.3.9f1/Editor/Data/PlaybackEngines/WindowsStandaloneSupport/UnityEditor.WindowsStandalone.Extensions.dll
Registered in 0.057907 seconds.
- Loaded All Assemblies, in  1.086 seconds
Native extension for WindowsStandalone target not found
Mono: successfully reloaded assembly
- Finished resetting the current domain, in  0.636 seconds
Domain Reload Profiling: 1711ms
	BeginReloadAssembly (375ms)
		ExecutionOrderSort (0ms)
		DisableScriptedObjects (0ms)
		BackupInstance (0ms)
		ReleaseScriptingObjects (0ms)
		CreateAndSetChildDomain (2ms)
	RebuildCommonClasses (92ms)
	RebuildNativeTypeToScriptingClass (26ms)
	initialDomainReloadingComplete (220ms)
	LoadAllAssembliesAndSetupDomain (362ms)
		LoadAssemblies (366ms)
		RebuildTransferFunctionScriptingTraits (0ms)
		AnalyzeDomain (355ms)
			TypeCache.Refresh (352ms)
				TypeCache.ScanAssembly (320ms)
			ScanForSourceGeneratedMonoScriptInfo (1ms)
			ResolveRequiredComponents (1ms)
	FinalizeReload (637ms)
		ReleaseScriptCaches (0ms)
		RebuildScriptCaches (0ms)
		SetupLoadedEditorAssemblies (491ms)
			LogAssemblyErrors (0ms)
			InitializePlatformSupportModulesInManaged (35ms)
			SetLoadedEditorAssemblies (19ms)
			RefreshPlugins (0ms)
			BeforeProcessingInitializeOnLoad (4ms)
			ProcessInitializeOnLoadAttributes (302ms)
			ProcessInitializeOnLoadMethodAttributes (131ms)
			AfterProcessingInitializeOnLoad (0ms)
			EditorAssembliesLoaded (0ms)
		ExecutionOrderSort2 (0ms)
		AwakeInstancesAfterBackupRestoration (0ms)
========================================================================
Worker process is ready to serve import requests
Begin MonoManager ReloadAssembly
- Loaded All Assemblies, in  0.911 seconds
Refreshing native plugins compatible for Editor in 40.66 ms, found 4 plugins.
Native extension for WindowsStandalone target not found
Package Manager log level set to [2]
[Package Manager] Server::EnsureServerProcessIsRunning -- launch failed, reason: Unity was launched with the -noUpm command-line argument
[Package Manager] UpmClient::Send -- Unable to send message (not connected to UPM process).
[Package Manager] Cannot connect to Unity Package Manager local server
Mono: successfully reloaded assembly
[Package Manager] Server::EnsureServerProcessIsRunning -- launch failed, reason: Unity was launched with the -noUpm command-line argument
[Package Manager] UpmClient::Send -- Unable to send message (not connected to UPM process).
[Package Manager] Cannot connect to Unity Package Manager local server
[Package Manager] Server::EnsureServerProcessIsRunning -- launch failed, reason: Unity was launched with the -noUpm command-line argument
[Package Manager] UpmClient::Send -- Unable to send message (not connected to UPM process).
[Package Manager] Cannot connect to Unity Package Manager local server
- Finished resetting the current domain, in  1.524 seconds
Domain Reload Profiling: 2427ms
	BeginReloadAssembly (167ms)
		ExecutionOrderSort (0ms)
		DisableScriptedObjects (5ms)
		BackupInstance (0ms)
		ReleaseScriptingObjects (0ms)
		CreateAndSetChildDomain (20ms)
	RebuildCommonClasses (33ms)
	RebuildNativeTypeToScriptingClass (9ms)
	initialDomainReloadingComplete (54ms)
	LoadAllAssembliesAndSetupDomain (639ms)
		LoadAssemblies (496ms)
		RebuildTransferFunctionScriptingTraits (0ms)
		AnalyzeDomain (248ms)
			TypeCache.Refresh (190ms)
				TypeCache.ScanAssembly (164ms)
			ScanForSourceGeneratedMonoScriptInfo (47ms)
			ResolveRequiredComponents (9ms)
	FinalizeReload (1525ms)
		ReleaseScriptCaches (0ms)
		RebuildScriptCaches (0ms)
		SetupLoadedEditorAssemblies (1130ms)
			LogAssemblyErrors (0ms)
			InitializePlatformSupportModulesInManaged (28ms)
			SetLoadedEditorAssemblies (8ms)
			RefreshPlugins (0ms)
			BeforeProcessingInitializeOnLoad (272ms)
			ProcessInitializeOnLoadAttributes (715ms)
			ProcessInitializeOnLoadMethodAttributes (77ms)
			AfterProcessingInitializeOnLoad (30ms)
			EditorAssembliesLoaded (0ms)
		ExecutionOrderSort2 (0ms)
		AwakeInstancesAfterBackupRestoration (18ms)
Launched and connected shader compiler UnityShaderCompiler.exe after 0.15 seconds
Refreshing native plugins compatible for Editor in 50.23 ms, found 4 plugins.
Preloading 0 native plugins for Editor in 0.00 ms.
Unloading 4312 Unused Serialized files (Serialized files now loaded: 0)
Unloading 76 unused Assets / (68.2 KB). Loaded Objects now: 4761.
Memory consumption went from 142.8 MB to 142.8 MB.
Total: 7.333500 ms (FindLiveObjects: 0.543900 ms CreateObjectMapping: 0.265600 ms MarkObjects: 6.279100 ms  DeleteObjects: 0.242500 ms)

AssetImportParameters requested are different than current active one (requested -> active):
  custom:container-demuxer-ogg: 62fdf1f143b41e24485cea50d1cbac27 -> 
  custom:video-codec-MediaFoundation-h265: 746d11721c4dcdbdad8f713fa42b33f4 -> 
  custom:video-decoder-ogg-theora: a1e56fd34408186e4bbccfd4996cb3dc -> 
  custom:framework-win-MediaFoundation: 216162199b28c13a410421893ffa2e32 -> 
  custom:CustomObjectIndexerAttribute: 756ad292c208cfabdd7b50bc23989ffe -> 
  custom:container-demuxer-webm: 4f35f7cbe854078d1ac9338744f61a02 -> 
  custom:container-muxer-webm: aa71ff27fc2769a1b78a27578f13a17b -> 
  custom:video-decoder-webm-vp8: 9c59270c3fd7afecdb556c50c9e8de78 -> 
  custom:SearchIndexIgnoredProperties: e643bd26f0fe6173181afceb89e7c659 -> 
  custom:AudioImporter_EditorPlatform: d09bf68614088b80899f8185d706f6e7 -> 
  custom:video-encoder-webm-vp8: eb34c28f22e8b96e1ab97ce403110664 -> 
  custom:audio-decoder-ogg-vorbis: bf7c407c2cedff20999df2af8eb42d56 -> 
  custom:audio-encoder-webm-vorbis: bf7c407c2cedff20999df2af8eb42d56 -> 
========================================================================
Received Import Request.
  Time since last request: 4166.451575 seconds.
  path: Assets/Resources/Prefabs/UI/Popup/UI_Retire.prefab
  artifactKey: Guid(5ab9f091bf2ad2c42ae48e7de9043ff6) Importer(815301076,1909f56bfc062723c751e8b465ee728b)
Start importing Assets/Resources/Prefabs/UI/Popup/UI_Retire.prefab using Guid(5ab9f091bf2ad2c42ae48e7de9043ff6) Importer(815301076,1909f56bfc062723c751e8b465ee728b)  -> (artifact id: 'faac443da65512cfef434679d3367dbe') in 0.046316 seconds
Number of updated asset objects reloaded before import = 0
Number of asset objects unloaded after import = 44
========================================================================
Received Import Request.
  Time since last request: 15.805083 seconds.
  path: Assets/Resources/Prefabs/UI/SubItem/UI_Customer.prefab
  artifactKey: Guid(d2f2bd2f6dd789946acc992cce77dfb9) Importer(815301076,1909f56bfc062723c751e8b465ee728b)
Start importing Assets/Resources/Prefabs/UI/SubItem/UI_Customer.prefab using Guid(d2f2bd2f6dd789946acc992cce77dfb9) Importer(815301076,1909f56bfc062723c751e8b465ee728b)  -> (artifact id: '69bae7e4b1e4ab945a908bd7f80ddc73') in 0.008649 seconds
Number of updated asset objects reloaded before import = 0
Number of asset objects unloaded after import = 35
========================================================================
Received Import Request.
  Time since last request: 1.436254 seconds.
  path: Assets/Resources/Images/UI/Game/Pizza/Sauce/layer_mayo.png
  artifactKey: Guid(5513dfee953b86f4a9918c57d827250b) Importer(815301076,1909f56bfc062723c751e8b465ee728b)
Start importing Assets/Resources/Images/UI/Game/Pizza/Sauce/layer_mayo.png using Guid(5513dfee953b86f4a9918c57d827250b) Importer(815301076,1909f56bfc062723c751e8b465ee728b)  -> (artifact id: 'e2e0b8078cc1e0d147b5b3be88075c1b') in 0.136881 seconds
Number of updated asset objects reloaded before import = 0
Number of asset objects unloaded after import = 3
========================================================================
Received Import Request.
  Time since last request: 32.872096 seconds.
  path: Assets/Resources/Prefabs/UI/Popup/UI_Retire.prefab
  artifactKey: Guid(5ab9f091bf2ad2c42ae48e7de9043ff6) Importer(815301076,1909f56bfc062723c751e8b465ee728b)
Start importing Assets/Resources/Prefabs/UI/Popup/UI_Retire.prefab using Guid(5ab9f091bf2ad2c42ae48e7de9043ff6) Importer(815301076,1909f56bfc062723c751e8b465ee728b)  -> (artifact id: '91c60e69952c7a6521e135bfb258561c') in 0.006654 seconds
Number of updated asset objects reloaded before import = 0
Number of asset objects unloaded after import = 44
========================================================================
Received Import Request.
  Time since last request: 22.022475 seconds.
  path: Assets/Resources/Prefabs/UI/Popup/UI_Retire.prefab
  artifactKey: Guid(5ab9f091bf2ad2c42ae48e7de9043ff6) Importer(815301076,1909f56bfc062723c751e8b465ee728b)
Start importing Assets/Resources/Prefabs/UI/Popup/UI_Retire.prefab using Guid(5ab9f091bf2ad2c42ae48e7de9043ff6) Importer(815301076,1909f56bfc062723c751e8b465ee728b)  -> (artifact id: 'd89b535acb4484af8d6d6d47081f1013') in 0.006790 seconds
Number of updated asset objects reloaded before import = 0
Number of asset objects unloaded after import = 40
========================================================================
Received Import Request.
  Time since last request: 35.338300 seconds.
  path: Assets/Resources/Prefabs/UI/Popup/UI_Retire.prefab
  artifactKey: Guid(5ab9f091bf2ad2c42ae48e7de9043ff6) Importer(815301076,1909f56bfc062723c751e8b465ee728b)
Start importing Assets/Resources/Prefabs/UI/Popup/UI_Retire.prefab using Guid(5ab9f091bf2ad2c42ae48e7de9043ff6) Importer(815301076,1909f56bfc062723c751e8b465ee728b)  -> (artifact id: '174248bcf7e6c48e51aa63585c497176') in 0.007901 seconds
Number of updated asset objects reloaded before import = 0
Number of asset objects unloaded after import = 40
========================================================================
Received Import Request.
  Time since last request: 17.567688 seconds.
  path: Assets/Resources/Prefabs/UI/Popup/UI_Retire.prefab
  artifactKey: Guid(5ab9f091bf2ad2c42ae48e7de9043ff6) Importer(815301076,1909f56bfc062723c751e8b465ee728b)
Start importing Assets/Resources/Prefabs/UI/Popup/UI_Retire.prefab using Guid(5ab9f091bf2ad2c42ae48e7de9043ff6) Importer(815301076,1909f56bfc062723c751e8b465ee728b)  -> (artifact id: '784f962c43073c310e7d17d1ac818a97') in 0.007552 seconds
Number of updated asset objects reloaded before import = 0
Number of asset objects unloaded after import = 40
========================================================================
Received Import Request.
  Time since last request: 20.167698 seconds.
  path: Assets/Resources/Prefabs/UI/Popup/UI_Retire.prefab
  artifactKey: Guid(5ab9f091bf2ad2c42ae48e7de9043ff6) Importer(815301076,1909f56bfc062723c751e8b465ee728b)
Start importing Assets/Resources/Prefabs/UI/Popup/UI_Retire.prefab using Guid(5ab9f091bf2ad2c42ae48e7de9043ff6) Importer(815301076,1909f56bfc062723c751e8b465ee728b)  -> (artifact id: '09587b4fcbf5006a58c10d0ff64a3d05') in 0.008292 seconds
Number of updated asset objects reloaded before import = 0
Number of asset objects unloaded after import = 40
========================================================================
Received Prepare
Begin MonoManager ReloadAssembly
- Loaded All Assemblies, in  1.171 seconds
Refreshing native plugins compatible for Editor in 15.63 ms, found 4 plugins.
Native extension for WindowsStandalone target not found
[Package Manager] Server::EnsureServerProcessIsRunning -- launch failed, reason: Unity was launched with the -noUpm command-line argument
[Package Manager] UpmClient::Send -- Unable to send message (not connected to UPM process).
[Package Manager] Cannot connect to Unity Package Manager local server
Mono: successfully reloaded assembly
[Package Manager] Server::EnsureServerProcessIsRunning -- launch failed, reason: Unity was launched with the -noUpm command-line argument
[Package Manager] UpmClient::Send -- Unable to send message (not connected to UPM process).
[Package Manager] Cannot connect to Unity Package Manager local server
- Finished resetting the current domain, in  5.698 seconds
Domain Reload Profiling: 6851ms
	BeginReloadAssembly (296ms)
		ExecutionOrderSort (0ms)
		DisableScriptedObjects (16ms)
		BackupInstance (0ms)
		ReleaseScriptingObjects (0ms)
		CreateAndSetChildDomain (66ms)
	RebuildCommonClasses (49ms)
	RebuildNativeTypeToScriptingClass (17ms)
	initialDomainReloadingComplete (78ms)
	LoadAllAssembliesAndSetupDomain (711ms)
		LoadAssemblies (861ms)
		RebuildTransferFunctionScriptingTraits (0ms)
		AnalyzeDomain (15ms)
			TypeCache.Refresh (7ms)
				TypeCache.ScanAssembly (0ms)
			ScanForSourceGeneratedMonoScriptInfo (0ms)
			ResolveRequiredComponents (6ms)
	FinalizeReload (5699ms)
		ReleaseScriptCaches (0ms)
		RebuildScriptCaches (0ms)
		SetupLoadedEditorAssemblies (1157ms)
			LogAssemblyErrors (0ms)
			InitializePlatformSupportModulesInManaged (26ms)
			SetLoadedEditorAssemblies (10ms)
			RefreshPlugins (0ms)
			BeforeProcessingInitializeOnLoad (276ms)
			ProcessInitializeOnLoadAttributes (716ms)
			ProcessInitializeOnLoadMethodAttributes (84ms)
			AfterProcessingInitializeOnLoad (45ms)
			EditorAssembliesLoaded (1ms)
		ExecutionOrderSort2 (0ms)
		AwakeInstancesAfterBackupRestoration (42ms)
Refreshing native plugins compatible for Editor in 32.21 ms, found 4 plugins.
Preloading 0 native plugins for Editor in 0.00 ms.
Unloading 4300 Unused Serialized files (Serialized files now loaded: 0)
Unloading 49 unused Assets / (43.2 KB). Loaded Objects now: 4774.
Memory consumption went from 144.2 MB to 144.2 MB.
Total: 5.394000 ms (FindLiveObjects: 0.432900 ms CreateObjectMapping: 0.270500 ms MarkObjects: 4.570500 ms  DeleteObjects: 0.118000 ms)

Prepare: number of updated asset objects reloaded= 0
AssetImportParameters requested are different than current active one (requested -> active):
  custom:container-demuxer-ogg: 62fdf1f143b41e24485cea50d1cbac27 -> 
  custom:video-codec-MediaFoundation-h265: 746d11721c4dcdbdad8f713fa42b33f4 -> 
  custom:video-decoder-ogg-theora: a1e56fd34408186e4bbccfd4996cb3dc -> 
  custom:framework-win-MediaFoundation: 216162199b28c13a410421893ffa2e32 -> 
  custom:CustomObjectIndexerAttribute: 756ad292c208cfabdd7b50bc23989ffe -> 
  custom:container-demuxer-webm: 4f35f7cbe854078d1ac9338744f61a02 -> 
  custom:container-muxer-webm: aa71ff27fc2769a1b78a27578f13a17b -> 
  custom:video-decoder-webm-vp8: 9c59270c3fd7afecdb556c50c9e8de78 -> 
  custom:SearchIndexIgnoredProperties: e643bd26f0fe6173181afceb89e7c659 -> 
  custom:AudioImporter_EditorPlatform: d09bf68614088b80899f8185d706f6e7 -> 
  custom:video-encoder-webm-vp8: eb34c28f22e8b96e1ab97ce403110664 -> 
  custom:audio-decoder-ogg-vorbis: bf7c407c2cedff20999df2af8eb42d56 -> 
  custom:audio-encoder-webm-vorbis: bf7c407c2cedff20999df2af8eb42d56 -> 
========================================================================
Received Import Request.
  Time since last request: 90.887210 seconds.
  path: Assets/Resources/Prefabs/UI/Popup/UI_Retire.prefab
  artifactKey: Guid(5ab9f091bf2ad2c42ae48e7de9043ff6) Importer(815301076,1909f56bfc062723c751e8b465ee728b)
Start importing Assets/Resources/Prefabs/UI/Popup/UI_Retire.prefab using Guid(5ab9f091bf2ad2c42ae48e7de9043ff6) Importer(815301076,1909f56bfc062723c751e8b465ee728b)  -> (artifact id: '750a7638eeb5b4811295244597a1fb9e') in 0.050414 seconds
Number of updated asset objects reloaded before import = 0
Number of asset objects unloaded after import = 40
========================================================================
Received Import Request.
  Time since last request: 11.381265 seconds.
  path: Assets/Resources/Prefabs/UI/Popup/UI_Retire.prefab
  artifactKey: Guid(5ab9f091bf2ad2c42ae48e7de9043ff6) Importer(815301076,1909f56bfc062723c751e8b465ee728b)
Start importing Assets/Resources/Prefabs/UI/Popup/UI_Retire.prefab using Guid(5ab9f091bf2ad2c42ae48e7de9043ff6) Importer(815301076,1909f56bfc062723c751e8b465ee728b)  -> (artifact id: '7aa2ddddf54853122438c4cb8a3266d5') in 0.008502 seconds
Number of updated asset objects reloaded before import = 0
Number of asset objects unloaded after import = 40
========================================================================
Received Import Request.
  Time since last request: 12.922451 seconds.
  path: Assets/Resources/Images/UI/Game/Pizza/Topping/Pepper/layer_green pepper all.png
  artifactKey: Guid(2792fea62010f364ab2fb88e048a0e78) Importer(815301076,1909f56bfc062723c751e8b465ee728b)
Start importing Assets/Resources/Images/UI/Game/Pizza/Topping/Pepper/layer_green pepper all.png using Guid(2792fea62010f364ab2fb88e048a0e78) Importer(815301076,1909f56bfc062723c751e8b465ee728b)  -> (artifact id: '14bd53d22251c59419eb4f0238b38e60') in 0.076134 seconds
Number of updated asset objects reloaded before import = 0
Number of asset objects unloaded after import = 3
========================================================================
Received Import Request.
  Time since last request: 0.316218 seconds.
  path: Assets/Resources/Images/UI/Recipe/recipebook_sample.jpg
  artifactKey: Guid(ec99a5420d0129144b5fa1990c05cf2e) Importer(815301076,1909f56bfc062723c751e8b465ee728b)
Start importing Assets/Resources/Images/UI/Recipe/recipebook_sample.jpg using Guid(ec99a5420d0129144b5fa1990c05cf2e) Importer(815301076,1909f56bfc062723c751e8b465ee728b)  -> (artifact id: '7b77460f6c7fcae6959a744a679edfac') in 0.049008 seconds
Number of updated asset objects reloaded before import = 0
Number of asset objects unloaded after import = 3
========================================================================
Received Import Request.
  Time since last request: 20.880430 seconds.
  path: Assets/Resources/Images/UI/Game/Pizza/Topping/Pepper/layer_green pepper half2.png
  artifactKey: Guid(5f2689f51f76ec741963d9a903f7eb52) Importer(815301076,1909f56bfc062723c751e8b465ee728b)
Start importing Assets/Resources/Images/UI/Game/Pizza/Topping/Pepper/layer_green pepper half2.png using Guid(5f2689f51f76ec741963d9a903f7eb52) Importer(815301076,1909f56bfc062723c751e8b465ee728b)  -> (artifact id: 'c2f1415c5ad007f2ea78182c679b5319') in 0.055293 seconds
Number of updated asset objects reloaded before import = 0
Number of asset objects unloaded after import = 3
========================================================================
Received Import Request.
  Time since last request: 9.932711 seconds.
  path: Assets/Resources/Prefabs/UI/Popup/UI_Retire.prefab
  artifactKey: Guid(5ab9f091bf2ad2c42ae48e7de9043ff6) Importer(815301076,1909f56bfc062723c751e8b465ee728b)
Start importing Assets/Resources/Prefabs/UI/Popup/UI_Retire.prefab using Guid(5ab9f091bf2ad2c42ae48e7de9043ff6) Importer(815301076,1909f56bfc062723c751e8b465ee728b)  -> (artifact id: '220a306d0e90b6213e8797c748708edd') in 0.011394 seconds
Number of updated asset objects reloaded before import = 0
Number of asset objects unloaded after import = 40
========================================================================
Received Import Request.
  Time since last request: 15.712132 seconds.
  path: Assets/Resources/Prefabs/UI/Popup/UI_Retire.prefab
  artifactKey: Guid(5ab9f091bf2ad2c42ae48e7de9043ff6) Importer(815301076,1909f56bfc062723c751e8b465ee728b)
Start importing Assets/Resources/Prefabs/UI/Popup/UI_Retire.prefab using Guid(5ab9f091bf2ad2c42ae48e7de9043ff6) Importer(815301076,1909f56bfc062723c751e8b465ee728b)  -> (artifact id: 'a2641c906f13c7b1faa3d0a641659803') in 0.011921 seconds
Number of updated asset objects reloaded before import = 0
Number of asset objects unloaded after import = 40
========================================================================
Received Import Request.
  Time since last request: 1981.325033 seconds.
  path: Assets/Resources/Prefabs/UI/Popup/UI_Retire 1.prefab
  artifactKey: Guid(58197a5c260ec364cb4e93f67bd1dcf0) Importer(815301076,1909f56bfc062723c751e8b465ee728b)
Start importing Assets/Resources/Prefabs/UI/Popup/UI_Retire 1.prefab using Guid(58197a5c260ec364cb4e93f67bd1dcf0) Importer(815301076,1909f56bfc062723c751e8b465ee728b)  -> (artifact id: '3b32a7ea2e03b07d79155cc8c14b90a6') in 0.184976 seconds
Number of updated asset objects reloaded before import = 0
Number of asset objects unloaded after import = 40
========================================================================
Received Import Request.
  Time since last request: 14.504997 seconds.
  path: Assets/Resources/Prefabs/UI/Popup/UI_Waring.prefab
  artifactKey: Guid(58197a5c260ec364cb4e93f67bd1dcf0) Importer(815301076,1909f56bfc062723c751e8b465ee728b)
Start importing Assets/Resources/Prefabs/UI/Popup/UI_Waring.prefab using Guid(58197a5c260ec364cb4e93f67bd1dcf0) Importer(815301076,1909f56bfc062723c751e8b465ee728b)  -> (artifact id: 'c94f943d39eb1f0ba0c3674f4fc24f2e') in 0.012827 seconds
Number of updated asset objects reloaded before import = 0
Number of asset objects unloaded after import = 40
========================================================================
Received Import Request.
  Time since last request: 7.667479 seconds.
  path: Assets/Resources/Prefabs/UI/Popup/UI_Warning.prefab
  artifactKey: Guid(58197a5c260ec364cb4e93f67bd1dcf0) Importer(815301076,1909f56bfc062723c751e8b465ee728b)
Start importing Assets/Resources/Prefabs/UI/Popup/UI_Warning.prefab using Guid(58197a5c260ec364cb4e93f67bd1dcf0) Importer(815301076,1909f56bfc062723c751e8b465ee728b)  -> (artifact id: '027ba9d28a2735e63197d8c595d894a9') in 0.008012 seconds
Number of updated asset objects reloaded before import = 0
Number of asset objects unloaded after import = 40
========================================================================
Received Import Request.
  Time since last request: 40.593146 seconds.
  path: Assets/Resources/Prefabs/UI/Popup/UI_Warning.prefab
  artifactKey: Guid(58197a5c260ec364cb4e93f67bd1dcf0) Importer(815301076,1909f56bfc062723c751e8b465ee728b)
Start importing Assets/Resources/Prefabs/UI/Popup/UI_Warning.prefab using Guid(58197a5c260ec364cb4e93f67bd1dcf0) Importer(815301076,1909f56bfc062723c751e8b465ee728b)  -> (artifact id: '11a660360f871a3ca2e2a6e4d449b5b2') in 0.014769 seconds
Number of updated asset objects reloaded before import = 0
Number of asset objects unloaded after import = 46
========================================================================
Received Import Request.
  Time since last request: 5.304985 seconds.
  path: Assets/Resources/Prefabs/UI/Popup/UI_Warning.prefab
  artifactKey: Guid(58197a5c260ec364cb4e93f67bd1dcf0) Importer(815301076,1909f56bfc062723c751e8b465ee728b)
Start importing Assets/Resources/Prefabs/UI/Popup/UI_Warning.prefab using Guid(58197a5c260ec364cb4e93f67bd1dcf0) Importer(815301076,1909f56bfc062723c751e8b465ee728b)  -> (artifact id: '733637cc169bf68e7d4b08ab6a283e9d') in 0.007876 seconds
Number of updated asset objects reloaded before import = 0
Number of asset objects unloaded after import = 40
========================================================================
Received Import Request.
  Time since last request: 2.194723 seconds.
  path: Assets/Resources/Prefabs/UI/Popup/UI_Warning.prefab
  artifactKey: Guid(58197a5c260ec364cb4e93f67bd1dcf0) Importer(815301076,1909f56bfc062723c751e8b465ee728b)
Start importing Assets/Resources/Prefabs/UI/Popup/UI_Warning.prefab using Guid(58197a5c260ec364cb4e93f67bd1dcf0) Importer(815301076,1909f56bfc062723c751e8b465ee728b)  -> (artifact id: '5da8a937a4035815f6d7884ce0ea7d41') in 0.010874 seconds
Number of updated asset objects reloaded before import = 0
Number of asset objects unloaded after import = 34
========================================================================
Received Import Request.
  Time since last request: 6.881538 seconds.
  path: Assets/Resources/Prefabs/UI/Popup/UI_Warning.prefab
  artifactKey: Guid(58197a5c260ec364cb4e93f67bd1dcf0) Importer(815301076,1909f56bfc062723c751e8b465ee728b)
Start importing Assets/Resources/Prefabs/UI/Popup/UI_Warning.prefab using Guid(58197a5c260ec364cb4e93f67bd1dcf0) Importer(815301076,1909f56bfc062723c751e8b465ee728b)  -> (artifact id: '973d72403a16dc29b363269b85fa2428') in 0.008036 seconds
Number of updated asset objects reloaded before import = 0
Number of asset objects unloaded after import = 34
========================================================================
Received Import Request.
  Time since last request: 18.367569 seconds.
  path: Assets/Resources/Prefabs/UI/Popup/UI_Warning.prefab
  artifactKey: Guid(58197a5c260ec364cb4e93f67bd1dcf0) Importer(815301076,1909f56bfc062723c751e8b465ee728b)
Start importing Assets/Resources/Prefabs/UI/Popup/UI_Warning.prefab using Guid(58197a5c260ec364cb4e93f67bd1dcf0) Importer(815301076,1909f56bfc062723c751e8b465ee728b)  -> (artifact id: 'ace0052d60110d60eb05aa9a6cd1b274') in 0.010662 seconds
Number of updated asset objects reloaded before import = 0
Number of asset objects unloaded after import = 34
========================================================================
Received Import Request.
  Time since last request: 5.840634 seconds.
  path: Assets/Resources/Prefabs/UI/Popup/UI_Warning.prefab
  artifactKey: Guid(58197a5c260ec364cb4e93f67bd1dcf0) Importer(815301076,1909f56bfc062723c751e8b465ee728b)
Start importing Assets/Resources/Prefabs/UI/Popup/UI_Warning.prefab using Guid(58197a5c260ec364cb4e93f67bd1dcf0) Importer(815301076,1909f56bfc062723c751e8b465ee728b)  -> (artifact id: '49954463cd961bbc10b47e5fc54f8fad') in 0.006842 seconds
Number of updated asset objects reloaded before import = 0
Number of asset objects unloaded after import = 34
========================================================================
Received Import Request.
  Time since last request: 1.518800 seconds.
  path: Assets/Resources/Prefabs/UI/Popup/UI_Warning.prefab
  artifactKey: Guid(58197a5c260ec364cb4e93f67bd1dcf0) Importer(815301076,1909f56bfc062723c751e8b465ee728b)
Start importing Assets/Resources/Prefabs/UI/Popup/UI_Warning.prefab using Guid(58197a5c260ec364cb4e93f67bd1dcf0) Importer(815301076,1909f56bfc062723c751e8b465ee728b)  -> (artifact id: '0206fb0c8a3086c43cebba62f498ea00') in 0.011484 seconds
Number of updated asset objects reloaded before import = 0
Number of asset objects unloaded after import = 34
========================================================================
Received Import Request.
  Time since last request: 14.474738 seconds.
  path: Assets/Resources/Prefabs/UI/Popup/UI_Warning.prefab
  artifactKey: Guid(58197a5c260ec364cb4e93f67bd1dcf0) Importer(815301076,1909f56bfc062723c751e8b465ee728b)
Start importing Assets/Resources/Prefabs/UI/Popup/UI_Warning.prefab using Guid(58197a5c260ec364cb4e93f67bd1dcf0) Importer(815301076,1909f56bfc062723c751e8b465ee728b)  -> (artifact id: 'a1ee394e395db1e101112b1ee0c3af8b') in 0.008645 seconds
Number of updated asset objects reloaded before import = 0
Number of asset objects unloaded after import = 34
========================================================================
Received Import Request.
  Time since last request: 13.117155 seconds.
  path: Assets/Resources/Prefabs/UI/Popup/UI_Warning.prefab
  artifactKey: Guid(58197a5c260ec364cb4e93f67bd1dcf0) Importer(815301076,1909f56bfc062723c751e8b465ee728b)
Start importing Assets/Resources/Prefabs/UI/Popup/UI_Warning.prefab using Guid(58197a5c260ec364cb4e93f67bd1dcf0) Importer(815301076,1909f56bfc062723c751e8b465ee728b)  -> (artifact id: '14c6c40a247eb7398732f2d01578072a') in 0.007668 seconds
Number of updated asset objects reloaded before import = 0
Number of asset objects unloaded after import = 34
========================================================================
Received Import Request.
  Time since last request: 13.744969 seconds.
  path: Assets/Resources/Prefabs/UI/Popup/UI_Warning.prefab
  artifactKey: Guid(58197a5c260ec364cb4e93f67bd1dcf0) Importer(815301076,1909f56bfc062723c751e8b465ee728b)
Start importing Assets/Resources/Prefabs/UI/Popup/UI_Warning.prefab using Guid(58197a5c260ec364cb4e93f67bd1dcf0) Importer(815301076,1909f56bfc062723c751e8b465ee728b)  -> (artifact id: '8b8f51e9b2571112368ef7c2f4bb8a7c') in 0.011225 seconds
Number of updated asset objects reloaded before import = 0
Number of asset objects unloaded after import = 34
========================================================================
Received Import Request.
  Time since last request: 7.080463 seconds.
  path: Assets/Resources/Prefabs/UI/Popup/UI_Warning.prefab
  artifactKey: Guid(58197a5c260ec364cb4e93f67bd1dcf0) Importer(815301076,1909f56bfc062723c751e8b465ee728b)
Start importing Assets/Resources/Prefabs/UI/Popup/UI_Warning.prefab using Guid(58197a5c260ec364cb4e93f67bd1dcf0) Importer(815301076,1909f56bfc062723c751e8b465ee728b)  -> (artifact id: 'e117a577f1a48f481f9332de26ad36e9') in 0.006327 seconds
Number of updated asset objects reloaded before import = 0
Number of asset objects unloaded after import = 34
========================================================================
Received Import Request.
  Time since last request: 88.940474 seconds.
  path: Assets/Resources/Prefabs/UI/Popup/UI_Warning.prefab
  artifactKey: Guid(58197a5c260ec364cb4e93f67bd1dcf0) Importer(815301076,1909f56bfc062723c751e8b465ee728b)
Start importing Assets/Resources/Prefabs/UI/Popup/UI_Warning.prefab using Guid(58197a5c260ec364cb4e93f67bd1dcf0) Importer(815301076,1909f56bfc062723c751e8b465ee728b)  -> (artifact id: '27899af472a5de4d45db6a88f5d272c7') in 0.007244 seconds
Number of updated asset objects reloaded before import = 0
Number of asset objects unloaded after import = 34
========================================================================
Received Import Request.
  Time since last request: 6.603195 seconds.
  path: Assets/Resources/Prefabs/UI/Popup/UI_Warning.prefab
  artifactKey: Guid(58197a5c260ec364cb4e93f67bd1dcf0) Importer(815301076,1909f56bfc062723c751e8b465ee728b)
Start importing Assets/Resources/Prefabs/UI/Popup/UI_Warning.prefab using Guid(58197a5c260ec364cb4e93f67bd1dcf0) Importer(815301076,1909f56bfc062723c751e8b465ee728b)  -> (artifact id: 'db531e19630d0621494d7cc8ae44f39c') in 0.008934 seconds
Number of updated asset objects reloaded before import = 0
Number of asset objects unloaded after import = 34
========================================================================
Received Import Request.
  Time since last request: 29.866534 seconds.
  path: Assets/Resources/Prefabs/UI/Popup/UI_Warning.prefab
  artifactKey: Guid(58197a5c260ec364cb4e93f67bd1dcf0) Importer(815301076,1909f56bfc062723c751e8b465ee728b)
Start importing Assets/Resources/Prefabs/UI/Popup/UI_Warning.prefab using Guid(58197a5c260ec364cb4e93f67bd1dcf0) Importer(815301076,1909f56bfc062723c751e8b465ee728b)  -> (artifact id: '34ad0206c7e4343484dc458f8752f5ac') in 0.008917 seconds
Number of updated asset objects reloaded before import = 0
Number of asset objects unloaded after import = 34
========================================================================
Received Import Request.
  Time since last request: 120.102134 seconds.
  path: Assets/Resources/Prefabs/UI/Popup/UI_Warning.prefab
  artifactKey: Guid(58197a5c260ec364cb4e93f67bd1dcf0) Importer(815301076,1909f56bfc062723c751e8b465ee728b)
Start importing Assets/Resources/Prefabs/UI/Popup/UI_Warning.prefab using Guid(58197a5c260ec364cb4e93f67bd1dcf0) Importer(815301076,1909f56bfc062723c751e8b465ee728b)  -> (artifact id: 'e936af62a2ce9ec2af54f91e23e43817') in 0.008649 seconds
Number of updated asset objects reloaded before import = 0
Number of asset objects unloaded after import = 34
========================================================================
Received Import Request.
  Time since last request: 26.669742 seconds.
  path: Assets/Resources/Prefabs/UI/Popup/UI_Warning.prefab
  artifactKey: Guid(58197a5c260ec364cb4e93f67bd1dcf0) Importer(815301076,1909f56bfc062723c751e8b465ee728b)
Start importing Assets/Resources/Prefabs/UI/Popup/UI_Warning.prefab using Guid(58197a5c260ec364cb4e93f67bd1dcf0) Importer(815301076,1909f56bfc062723c751e8b465ee728b)  -> (artifact id: '250dbd28ba8f8bcc6a7281031a4561cf') in 0.009515 seconds
Number of updated asset objects reloaded before import = 0
Number of asset objects unloaded after import = 34
========================================================================
Received Import Request.
  Time since last request: 5.453237 seconds.
  path: Assets/Resources/Prefabs/UI/Popup/UI_Warning.prefab
  artifactKey: Guid(58197a5c260ec364cb4e93f67bd1dcf0) Importer(815301076,1909f56bfc062723c751e8b465ee728b)
Start importing Assets/Resources/Prefabs/UI/Popup/UI_Warning.prefab using Guid(58197a5c260ec364cb4e93f67bd1dcf0) Importer(815301076,1909f56bfc062723c751e8b465ee728b)  -> (artifact id: '04423b10e4422d5b22ef6ad0d4ce23ca') in 0.008176 seconds
Number of updated asset objects reloaded before import = 0
Number of asset objects unloaded after import = 34
========================================================================
Received Import Request.
  Time since last request: 7.064427 seconds.
  path: Assets/Resources/Prefabs/UI/Popup/UI_Warning.prefab
  artifactKey: Guid(58197a5c260ec364cb4e93f67bd1dcf0) Importer(815301076,1909f56bfc062723c751e8b465ee728b)
Start importing Assets/Resources/Prefabs/UI/Popup/UI_Warning.prefab using Guid(58197a5c260ec364cb4e93f67bd1dcf0) Importer(815301076,1909f56bfc062723c751e8b465ee728b)  -> (artifact id: '4a725ee31752a6d1abd2e19bfd174c4f') in 0.007768 seconds
Number of updated asset objects reloaded before import = 0
Number of asset objects unloaded after import = 34
========================================================================
Received Import Request.
  Time since last request: 16.973802 seconds.
  path: Assets/Resources/Prefabs/UI/Popup/UI_Warning.prefab
  artifactKey: Guid(58197a5c260ec364cb4e93f67bd1dcf0) Importer(815301076,1909f56bfc062723c751e8b465ee728b)
Start importing Assets/Resources/Prefabs/UI/Popup/UI_Warning.prefab using Guid(58197a5c260ec364cb4e93f67bd1dcf0) Importer(815301076,1909f56bfc062723c751e8b465ee728b)  -> (artifact id: 'e1955e5dadc96817d05ebe9a73437ece') in 0.007550 seconds
Number of updated asset objects reloaded before import = 0
Number of asset objects unloaded after import = 34
========================================================================
Received Import Request.
  Time since last request: 19.812059 seconds.
  path: Assets/Resources/Prefabs/UI/Popup/UI_Warning.prefab
  artifactKey: Guid(58197a5c260ec364cb4e93f67bd1dcf0) Importer(815301076,1909f56bfc062723c751e8b465ee728b)
Start importing Assets/Resources/Prefabs/UI/Popup/UI_Warning.prefab using Guid(58197a5c260ec364cb4e93f67bd1dcf0) Importer(815301076,1909f56bfc062723c751e8b465ee728b)  -> (artifact id: '09bf2216d624fbc2d3eafa5140ca1a9a') in 0.010724 seconds
Number of updated asset objects reloaded before import = 0
Number of asset objects unloaded after import = 38
========================================================================
Received Import Request.
  Time since last request: 21.486179 seconds.
  path: Assets/Resources/Prefabs/UI/Popup/UI_Warning.prefab
  artifactKey: Guid(58197a5c260ec364cb4e93f67bd1dcf0) Importer(815301076,1909f56bfc062723c751e8b465ee728b)
Start importing Assets/Resources/Prefabs/UI/Popup/UI_Warning.prefab using Guid(58197a5c260ec364cb4e93f67bd1dcf0) Importer(815301076,1909f56bfc062723c751e8b465ee728b)  -> (artifact id: 'abceb42e3f46d26ab69054eafbf12f64') in 0.006650 seconds
Number of updated asset objects reloaded before import = 0
Number of asset objects unloaded after import = 38
========================================================================
Received Import Request.
  Time since last request: 16.195732 seconds.
  path: Assets/Resources/Prefabs/UI/Popup/UI_Warning.prefab
  artifactKey: Guid(58197a5c260ec364cb4e93f67bd1dcf0) Importer(815301076,1909f56bfc062723c751e8b465ee728b)
Start importing Assets/Resources/Prefabs/UI/Popup/UI_Warning.prefab using Guid(58197a5c260ec364cb4e93f67bd1dcf0) Importer(815301076,1909f56bfc062723c751e8b465ee728b)  -> (artifact id: 'a5e0e9e7a549f4f73a4c6d537f8c84e9') in 0.009986 seconds
Number of updated asset objects reloaded before import = 0
Number of asset objects unloaded after import = 38
========================================================================
Received Import Request.
  Time since last request: 2.614925 seconds.
  path: Assets/Resources/Prefabs/UI/Popup/UI_Warning.prefab
  artifactKey: Guid(58197a5c260ec364cb4e93f67bd1dcf0) Importer(815301076,1909f56bfc062723c751e8b465ee728b)
Start importing Assets/Resources/Prefabs/UI/Popup/UI_Warning.prefab using Guid(58197a5c260ec364cb4e93f67bd1dcf0) Importer(815301076,1909f56bfc062723c751e8b465ee728b)  -> (artifact id: 'f8dbfec3430c8f89eac8ea35c2a1a2dc') in 0.008508 seconds
Number of updated asset objects reloaded before import = 0
Number of asset objects unloaded after import = 38
========================================================================
Received Import Request.
  Time since last request: 6.236891 seconds.
  path: Assets/Resources/Prefabs/UI/Popup/UI_Warning.prefab
  artifactKey: Guid(58197a5c260ec364cb4e93f67bd1dcf0) Importer(815301076,1909f56bfc062723c751e8b465ee728b)
Start importing Assets/Resources/Prefabs/UI/Popup/UI_Warning.prefab using Guid(58197a5c260ec364cb4e93f67bd1dcf0) Importer(815301076,1909f56bfc062723c751e8b465ee728b)  -> (artifact id: 'bc1ea2df17d0dd081635f21c6a875feb') in 0.007210 seconds
Number of updated asset objects reloaded before import = 0
Number of asset objects unloaded after import = 38
========================================================================
Received Import Request.
  Time since last request: 7.738248 seconds.
  path: Assets/Resources/Prefabs/UI/Popup/UI_Warning.prefab
  artifactKey: Guid(58197a5c260ec364cb4e93f67bd1dcf0) Importer(815301076,1909f56bfc062723c751e8b465ee728b)
Start importing Assets/Resources/Prefabs/UI/Popup/UI_Warning.prefab using Guid(58197a5c260ec364cb4e93f67bd1dcf0) Importer(815301076,1909f56bfc062723c751e8b465ee728b)  -> (artifact id: '249344a971d00316d8c89545b98cd98f') in 0.009639 seconds
Number of updated asset objects reloaded before import = 0
Number of asset objects unloaded after import = 38
========================================================================
Received Import Request.
  Time since last request: 12.335264 seconds.
  path: Assets/Resources/Prefabs/UI/Popup/UI_Warning.prefab
  artifactKey: Guid(58197a5c260ec364cb4e93f67bd1dcf0) Importer(815301076,1909f56bfc062723c751e8b465ee728b)
Start importing Assets/Resources/Prefabs/UI/Popup/UI_Warning.prefab using Guid(58197a5c260ec364cb4e93f67bd1dcf0) Importer(815301076,1909f56bfc062723c751e8b465ee728b)  -> (artifact id: '54ccec3305f45f99c4b2bc9526612b03') in 0.006702 seconds
Number of updated asset objects reloaded before import = 0
Number of asset objects unloaded after import = 38
========================================================================
Received Import Request.
  Time since last request: 6.091857 seconds.
  path: Assets/Resources/Prefabs/UI/Popup/UI_Warning.prefab
  artifactKey: Guid(58197a5c260ec364cb4e93f67bd1dcf0) Importer(815301076,1909f56bfc062723c751e8b465ee728b)
Start importing Assets/Resources/Prefabs/UI/Popup/UI_Warning.prefab using Guid(58197a5c260ec364cb4e93f67bd1dcf0) Importer(815301076,1909f56bfc062723c751e8b465ee728b)  -> (artifact id: 'ba5e97cd5ebc2d956f0f77e0bde7e1af') in 0.006126 seconds
Number of updated asset objects reloaded before import = 0
Number of asset objects unloaded after import = 38
========================================================================
Received Import Request.
  Time since last request: 17.322052 seconds.
  path: Assets/Resources/Prefabs/UI/Popup/UI_Warning.prefab
  artifactKey: Guid(58197a5c260ec364cb4e93f67bd1dcf0) Importer(815301076,1909f56bfc062723c751e8b465ee728b)
Start importing Assets/Resources/Prefabs/UI/Popup/UI_Warning.prefab using Guid(58197a5c260ec364cb4e93f67bd1dcf0) Importer(815301076,1909f56bfc062723c751e8b465ee728b)  -> (artifact id: '8d10057cd84f3cfa2ff212784331eea4') in 0.007431 seconds
Number of updated asset objects reloaded before import = 0
Number of asset objects unloaded after import = 38
========================================================================
Received Import Request.
  Time since last request: 5.029672 seconds.
  path: Assets/Resources/Prefabs/UI/Popup/UI_Warning.prefab
  artifactKey: Guid(58197a5c260ec364cb4e93f67bd1dcf0) Importer(815301076,1909f56bfc062723c751e8b465ee728b)
Start importing Assets/Resources/Prefabs/UI/Popup/UI_Warning.prefab using Guid(58197a5c260ec364cb4e93f67bd1dcf0) Importer(815301076,1909f56bfc062723c751e8b465ee728b)  -> (artifact id: '3eea4c85e35599b633e882d198175f6b') in 0.009865 seconds
Number of updated asset objects reloaded before import = 0
Number of asset objects unloaded after import = 38
========================================================================
Received Import Request.
  Time since last request: 9.474609 seconds.
  path: Assets/Resources/Prefabs/UI/Popup/UI_Warning.prefab
  artifactKey: Guid(58197a5c260ec364cb4e93f67bd1dcf0) Importer(815301076,1909f56bfc062723c751e8b465ee728b)
Start importing Assets/Resources/Prefabs/UI/Popup/UI_Warning.prefab using Guid(58197a5c260ec364cb4e93f67bd1dcf0) Importer(815301076,1909f56bfc062723c751e8b465ee728b)  -> (artifact id: '48ba05d4712a7499b30d7588e841186b') in 0.008656 seconds
Number of updated asset objects reloaded before import = 0
Number of asset objects unloaded after import = 38
========================================================================
Received Import Request.
  Time since last request: 12.535794 seconds.
  path: Assets/Resources/Prefabs/UI/Popup/UI_Warning.prefab
  artifactKey: Guid(58197a5c260ec364cb4e93f67bd1dcf0) Importer(815301076,1909f56bfc062723c751e8b465ee728b)
Start importing Assets/Resources/Prefabs/UI/Popup/UI_Warning.prefab using Guid(58197a5c260ec364cb4e93f67bd1dcf0) Importer(815301076,1909f56bfc062723c751e8b465ee728b)  -> (artifact id: '6c7ab71eefe6bb5beec3f04d8b637c79') in 0.008911 seconds
Number of updated asset objects reloaded before import = 0
Number of asset objects unloaded after import = 38
========================================================================
Received Import Request.
  Time since last request: 8.251774 seconds.
  path: Assets/Resources/Prefabs/UI/Popup/UI_Warning.prefab
  artifactKey: Guid(58197a5c260ec364cb4e93f67bd1dcf0) Importer(815301076,1909f56bfc062723c751e8b465ee728b)
Start importing Assets/Resources/Prefabs/UI/Popup/UI_Warning.prefab using Guid(58197a5c260ec364cb4e93f67bd1dcf0) Importer(815301076,1909f56bfc062723c751e8b465ee728b)  -> (artifact id: 'b4fa4860031e0b2572bedc1c9f204cdb') in 0.007974 seconds
Number of updated asset objects reloaded before import = 0
Number of asset objects unloaded after import = 38
========================================================================
Received Import Request.
  Time since last request: 9.872509 seconds.
  path: Assets/Resources/Prefabs/UI/Popup/UI_Warning.prefab
  artifactKey: Guid(58197a5c260ec364cb4e93f67bd1dcf0) Importer(815301076,1909f56bfc062723c751e8b465ee728b)
Start importing Assets/Resources/Prefabs/UI/Popup/UI_Warning.prefab using Guid(58197a5c260ec364cb4e93f67bd1dcf0) Importer(815301076,1909f56bfc062723c751e8b465ee728b)  -> (artifact id: '64e1e3e52ba9adf0aafc4d50860906db') in 0.009669 seconds
Number of updated asset objects reloaded before import = 0
Number of asset objects unloaded after import = 38
========================================================================
Received Prepare
Begin MonoManager ReloadAssembly
- Loaded All Assemblies, in  1.940 seconds
Refreshing native plugins compatible for Editor in 38.33 ms, found 4 plugins.
Native extension for WindowsStandalone target not found
[Package Manager] Server::EnsureServerProcessIsRunning -- launch failed, reason: Unity was launched with the -noUpm command-line argument
[Package Manager] UpmClient::Send -- Unable to send message (not connected to UPM process).
[Package Manager] Cannot connect to Unity Package Manager local server
Mono: successfully reloaded assembly
[Package Manager] Server::EnsureServerProcessIsRunning -- launch failed, reason: Unity was launched with the -noUpm command-line argument
[Package Manager] UpmClient::Send -- Unable to send message (not connected to UPM process).
[Package Manager] Cannot connect to Unity Package Manager local server
- Finished resetting the current domain, in 10.054 seconds
Domain Reload Profiling: 11977ms
	BeginReloadAssembly (602ms)
		ExecutionOrderSort (0ms)
		DisableScriptedObjects (71ms)
		BackupInstance (0ms)
		ReleaseScriptingObjects (0ms)
		CreateAndSetChildDomain (201ms)
	RebuildCommonClasses (61ms)
	RebuildNativeTypeToScriptingClass (15ms)
	initialDomainReloadingComplete (93ms)
	LoadAllAssembliesAndSetupDomain (1152ms)
		LoadAssemblies (1368ms)
		RebuildTransferFunctionScriptingTraits (0ms)
		AnalyzeDomain (41ms)
			TypeCache.Refresh (24ms)
				TypeCache.ScanAssembly (0ms)
			ScanForSourceGeneratedMonoScriptInfo (0ms)
			ResolveRequiredComponents (16ms)
	FinalizeReload (10054ms)
		ReleaseScriptCaches (0ms)
		RebuildScriptCaches (0ms)
		SetupLoadedEditorAssemblies (783ms)
			LogAssemblyErrors (0ms)
			InitializePlatformSupportModulesInManaged (15ms)
			SetLoadedEditorAssemblies (9ms)
			RefreshPlugins (0ms)
			BeforeProcessingInitializeOnLoad (192ms)
			ProcessInitializeOnLoadAttributes (504ms)
			ProcessInitializeOnLoadMethodAttributes (40ms)
			AfterProcessingInitializeOnLoad (21ms)
			EditorAssembliesLoaded (1ms)
		ExecutionOrderSort2 (0ms)
		AwakeInstancesAfterBackupRestoration (14ms)
Refreshing native plugins compatible for Editor in 13.92 ms, found 4 plugins.
Preloading 0 native plugins for Editor in 0.00 ms.
Unloading 4300 Unused Serialized files (Serialized files now loaded: 0)
Unloading 48 unused Assets / (42.4 KB). Loaded Objects now: 4780.
Memory consumption went from 144.2 MB to 144.2 MB.
Total: 4.778800 ms (FindLiveObjects: 0.355700 ms CreateObjectMapping: 0.142800 ms MarkObjects: 4.189700 ms  DeleteObjects: 0.088700 ms)

Prepare: number of updated asset objects reloaded= 0
AssetImportParameters requested are different than current active one (requested -> active):
  custom:container-demuxer-ogg: 62fdf1f143b41e24485cea50d1cbac27 -> 
  custom:video-codec-MediaFoundation-h265: 746d11721c4dcdbdad8f713fa42b33f4 -> 
  custom:video-decoder-ogg-theora: a1e56fd34408186e4bbccfd4996cb3dc -> 
  custom:framework-win-MediaFoundation: 216162199b28c13a410421893ffa2e32 -> 
  custom:CustomObjectIndexerAttribute: 756ad292c208cfabdd7b50bc23989ffe -> 
  custom:container-demuxer-webm: 4f35f7cbe854078d1ac9338744f61a02 -> 
  custom:container-muxer-webm: aa71ff27fc2769a1b78a27578f13a17b -> 
  custom:video-decoder-webm-vp8: 9c59270c3fd7afecdb556c50c9e8de78 -> 
  custom:SearchIndexIgnoredProperties: e643bd26f0fe6173181afceb89e7c659 -> 
  custom:AudioImporter_EditorPlatform: d09bf68614088b80899f8185d706f6e7 -> 
  custom:video-encoder-webm-vp8: eb34c28f22e8b96e1ab97ce403110664 -> 
  custom:audio-decoder-ogg-vorbis: bf7c407c2cedff20999df2af8eb42d56 -> 
  custom:audio-encoder-webm-vorbis: bf7c407c2cedff20999df2af8eb42d56 -> 
========================================================================
Received Import Request.
  Time since last request: 201.871398 seconds.
  path: Assets/Resources/Prefabs/UI/Popup/UI_CantRetire.prefab
  artifactKey: Guid(58197a5c260ec364cb4e93f67bd1dcf0) Importer(815301076,1909f56bfc062723c751e8b465ee728b)
Start importing Assets/Resources/Prefabs/UI/Popup/UI_CantRetire.prefab using Guid(58197a5c260ec364cb4e93f67bd1dcf0) Importer(815301076,1909f56bfc062723c751e8b465ee728b)  -> (artifact id: '77d415884004377427d46077d050e8ef') in 0.051360 seconds
Number of updated asset objects reloaded before import = 0
Number of asset objects unloaded after import = 38
========================================================================
Received Import Request.
  Time since last request: 62.742347 seconds.
  path: Assets/Resources/Prefabs/UI/Popup/UI_CantRetire 1.prefab
  artifactKey: Guid(ba3e2caf9748408468ee99ae372cd5cd) Importer(815301076,1909f56bfc062723c751e8b465ee728b)
Start importing Assets/Resources/Prefabs/UI/Popup/UI_CantRetire 1.prefab using Guid(ba3e2caf9748408468ee99ae372cd5cd) Importer(815301076,1909f56bfc062723c751e8b465ee728b)  -> (artifact id: '8e5606a09878df0dfac7e5d9055395bf') in 0.007934 seconds
Number of updated asset objects reloaded before import = 0
Number of asset objects unloaded after import = 38
========================================================================
Received Import Request.
  Time since last request: 9.569344 seconds.
  path: Assets/Resources/Prefabs/UI/Popup/UI_CantReset.prefab
  artifactKey: Guid(ba3e2caf9748408468ee99ae372cd5cd) Importer(815301076,1909f56bfc062723c751e8b465ee728b)
Start importing Assets/Resources/Prefabs/UI/Popup/UI_CantReset.prefab using Guid(ba3e2caf9748408468ee99ae372cd5cd) Importer(815301076,1909f56bfc062723c751e8b465ee728b)  -> (artifact id: 'e432be767013ec6500ea58c387099a1d') in 0.009662 seconds
Number of updated asset objects reloaded before import = 0
Number of asset objects unloaded after import = 38
========================================================================
Received Import Request.
  Time since last request: 158.345818 seconds.
  path: Assets/Resources/Prefabs/UI/Popup/UI_CantReset.prefab
  artifactKey: Guid(ba3e2caf9748408468ee99ae372cd5cd) Importer(815301076,1909f56bfc062723c751e8b465ee728b)
Start importing Assets/Resources/Prefabs/UI/Popup/UI_CantReset.prefab using Guid(ba3e2caf9748408468ee99ae372cd5cd) Importer(815301076,1909f56bfc062723c751e8b465ee728b)  -> (artifact id: '46eee1876097f71fc3db4521b0af9b83') in 0.020157 seconds
Number of updated asset objects reloaded before import = 0
Number of asset objects unloaded after import = 38
========================================================================
Received Import Request.
  Time since last request: 44.597392 seconds.
  path: Assets/Resources/Prefabs/UI/Popup/UI_CantReset.prefab
  artifactKey: Guid(ba3e2caf9748408468ee99ae372cd5cd) Importer(815301076,1909f56bfc062723c751e8b465ee728b)
Start importing Assets/Resources/Prefabs/UI/Popup/UI_CantReset.prefab using Guid(ba3e2caf9748408468ee99ae372cd5cd) Importer(815301076,1909f56bfc062723c751e8b465ee728b)  -> (artifact id: '8cebd129985d155f735f7f8d7e786326') in 0.008284 seconds
Number of updated asset objects reloaded before import = 0
Number of asset objects unloaded after import = 38
========================================================================
Received Import Request.
  Time since last request: 86.111512 seconds.
  path: Assets/Resources/Prefabs/UI/Popup/UI_CantReset.prefab
  artifactKey: Guid(ba3e2caf9748408468ee99ae372cd5cd) Importer(815301076,1909f56bfc062723c751e8b465ee728b)
Start importing Assets/Resources/Prefabs/UI/Popup/UI_CantReset.prefab using Guid(ba3e2caf9748408468ee99ae372cd5cd) Importer(815301076,1909f56bfc062723c751e8b465ee728b)  -> (artifact id: '6d31906107852cf1af666f7c7eac4b4c') in 0.008427 seconds
Number of updated asset objects reloaded before import = 0
Number of asset objects unloaded after import = 38
========================================================================
Received Import Request.
  Time since last request: 25.123543 seconds.
  path: Assets/Resources/Prefabs/UI/Popup/UI_CantReset.prefab
  artifactKey: Guid(ba3e2caf9748408468ee99ae372cd5cd) Importer(815301076,1909f56bfc062723c751e8b465ee728b)
Start importing Assets/Resources/Prefabs/UI/Popup/UI_CantReset.prefab using Guid(ba3e2caf9748408468ee99ae372cd5cd) Importer(815301076,1909f56bfc062723c751e8b465ee728b)  -> (artifact id: '042b38695e9da514df32b5dfdfaeea17') in 0.005860 seconds
Number of updated asset objects reloaded before import = 0
Number of asset objects unloaded after import = 38
========================================================================
Received Import Request.
  Time since last request: 4.220847 seconds.
  path: Assets/Resources/Prefabs/UI/Popup/UI_CantReset.prefab
  artifactKey: Guid(ba3e2caf9748408468ee99ae372cd5cd) Importer(815301076,1909f56bfc062723c751e8b465ee728b)
Start importing Assets/Resources/Prefabs/UI/Popup/UI_CantReset.prefab using Guid(ba3e2caf9748408468ee99ae372cd5cd) Importer(815301076,1909f56bfc062723c751e8b465ee728b)  -> (artifact id: '2ded39fe37cd1978be30de6eff76a5d5') in 0.007358 seconds
Number of updated asset objects reloaded before import = 0
Number of asset objects unloaded after import = 38
========================================================================
Received Import Request.
  Time since last request: 35.932295 seconds.
  path: Assets/Resources/Prefabs/UI/Popup/UI_CantReset.prefab
  artifactKey: Guid(ba3e2caf9748408468ee99ae372cd5cd) Importer(815301076,1909f56bfc062723c751e8b465ee728b)
Start importing Assets/Resources/Prefabs/UI/Popup/UI_CantReset.prefab using Guid(ba3e2caf9748408468ee99ae372cd5cd) Importer(815301076,1909f56bfc062723c751e8b465ee728b)  -> (artifact id: '2067b0a5d1ef1cc56d9f3c4f52a885b0') in 0.006913 seconds
Number of updated asset objects reloaded before import = 0
Number of asset objects unloaded after import = 38
========================================================================
Received Import Request.
  Time since last request: 14.350240 seconds.
  path: Assets/Resources/Prefabs/UI/Popup/UI_CantReset.prefab
  artifactKey: Guid(ba3e2caf9748408468ee99ae372cd5cd) Importer(815301076,1909f56bfc062723c751e8b465ee728b)
Start importing Assets/Resources/Prefabs/UI/Popup/UI_CantReset.prefab using Guid(ba3e2caf9748408468ee99ae372cd5cd) Importer(815301076,1909f56bfc062723c751e8b465ee728b)  -> (artifact id: '1d93ff6d9026cf2f4f0fc7cb731ffe5c') in 0.007281 seconds
Number of updated asset objects reloaded before import = 0
Number of asset objects unloaded after import = 38
========================================================================
Received Import Request.
  Time since last request: 5.022098 seconds.
  path: Assets/Resources/Prefabs/UI/Popup/UI_CantReset.prefab
  artifactKey: Guid(ba3e2caf9748408468ee99ae372cd5cd) Importer(815301076,1909f56bfc062723c751e8b465ee728b)
Start importing Assets/Resources/Prefabs/UI/Popup/UI_CantReset.prefab using Guid(ba3e2caf9748408468ee99ae372cd5cd) Importer(815301076,1909f56bfc062723c751e8b465ee728b)  -> (artifact id: '14118b059107de58ca7bd099b49a8526') in 0.008205 seconds
Number of updated asset objects reloaded before import = 0
Number of asset objects unloaded after import = 38
========================================================================
Received Import Request.
  Time since last request: 23.867024 seconds.
  path: Assets/Resources/Prefabs/UI/Popup/UI_CantRetire.prefab
  artifactKey: Guid(58197a5c260ec364cb4e93f67bd1dcf0) Importer(815301076,1909f56bfc062723c751e8b465ee728b)
Start importing Assets/Resources/Prefabs/UI/Popup/UI_CantRetire.prefab using Guid(58197a5c260ec364cb4e93f67bd1dcf0) Importer(815301076,1909f56bfc062723c751e8b465ee728b)  -> (artifact id: '2fcc3a1219185305ca92d69961ee8c75') in 0.006654 seconds
Number of updated asset objects reloaded before import = 0
Number of asset objects unloaded after import = 38
========================================================================
Received Import Request.
  Time since last request: 11.711573 seconds.
  path: Assets/Resources/Prefabs/UI/Popup/UI_CantReset.prefab
  artifactKey: Guid(ba3e2caf9748408468ee99ae372cd5cd) Importer(815301076,1909f56bfc062723c751e8b465ee728b)
Start importing Assets/Resources/Prefabs/UI/Popup/UI_CantReset.prefab using Guid(ba3e2caf9748408468ee99ae372cd5cd) Importer(815301076,1909f56bfc062723c751e8b465ee728b)  -> (artifact id: '2aa650f17e6d58e58c481a294d5febd1') in 0.006174 seconds
Number of updated asset objects reloaded before import = 0
Number of asset objects unloaded after import = 38
========================================================================
Received Import Request.
  Time since last request: 52.243905 seconds.
  path: Assets/Resources/Prefabs/UI/Popup/UI_Retire 1.prefab
  artifactKey: Guid(17a16b5319b68124182aef9c1c7781a4) Importer(815301076,1909f56bfc062723c751e8b465ee728b)
Start importing Assets/Resources/Prefabs/UI/Popup/UI_Retire 1.prefab using Guid(17a16b5319b68124182aef9c1c7781a4) Importer(815301076,1909f56bfc062723c751e8b465ee728b)  -> (artifact id: '32d95fb47e008eb63b4b1ee4f66b0b39') in 0.012422 seconds
Number of updated asset objects reloaded before import = 0
Number of asset objects unloaded after import = 40
========================================================================
Received Import Request.
  Time since last request: 12.591795 seconds.
  path: Assets/Resources/Prefabs/UI/Popup/UI_Reset.prefab
  artifactKey: Guid(17a16b5319b68124182aef9c1c7781a4) Importer(815301076,1909f56bfc062723c751e8b465ee728b)
Start importing Assets/Resources/Prefabs/UI/Popup/UI_Reset.prefab using Guid(17a16b5319b68124182aef9c1c7781a4) Importer(815301076,1909f56bfc062723c751e8b465ee728b)  -> (artifact id: '0ce80c94360a58c38af15ae887088bc8') in 0.006369 seconds
Number of updated asset objects reloaded before import = 0
Number of asset objects unloaded after import = 40
========================================================================
Received Import Request.
  Time since last request: 19.962483 seconds.
  path: Assets/Resources/Prefabs/UI/Popup/UI_Reset.prefab
  artifactKey: Guid(17a16b5319b68124182aef9c1c7781a4) Importer(815301076,1909f56bfc062723c751e8b465ee728b)
Start importing Assets/Resources/Prefabs/UI/Popup/UI_Reset.prefab using Guid(17a16b5319b68124182aef9c1c7781a4) Importer(815301076,1909f56bfc062723c751e8b465ee728b)  -> (artifact id: '25db40818e220f51f6cedfec438d5561') in 0.007587 seconds
Number of updated asset objects reloaded before import = 0
Number of asset objects unloaded after import = 40
========================================================================
Received Import Request.
  Time since last request: 21.231703 seconds.
  path: Assets/Resources/Prefabs/UI/Popup/UI_Reset.prefab
  artifactKey: Guid(17a16b5319b68124182aef9c1c7781a4) Importer(815301076,1909f56bfc062723c751e8b465ee728b)
Start importing Assets/Resources/Prefabs/UI/Popup/UI_Reset.prefab using Guid(17a16b5319b68124182aef9c1c7781a4) Importer(815301076,1909f56bfc062723c751e8b465ee728b)  -> (artifact id: '75988591e1e018cf6a37a5ffd2953cd3') in 0.008630 seconds
Number of updated asset objects reloaded before import = 0
Number of asset objects unloaded after import = 40
========================================================================
Received Import Request.
  Time since last request: 18.799502 seconds.
  path: Assets/Resources/Prefabs/UI/Popup/UI_Reset.prefab
  artifactKey: Guid(17a16b5319b68124182aef9c1c7781a4) Importer(815301076,1909f56bfc062723c751e8b465ee728b)
Start importing Assets/Resources/Prefabs/UI/Popup/UI_Reset.prefab using Guid(17a16b5319b68124182aef9c1c7781a4) Importer(815301076,1909f56bfc062723c751e8b465ee728b)  -> (artifact id: 'afe7c50a36fee14bd95290dc752c76df') in 0.007076 seconds
Number of updated asset objects reloaded before import = 0
Number of asset objects unloaded after import = 40
========================================================================
Received Import Request.
  Time since last request: 19.951604 seconds.
  path: Assets/Resources/Prefabs/UI/Popup/UI_Reset.prefab
  artifactKey: Guid(17a16b5319b68124182aef9c1c7781a4) Importer(815301076,1909f56bfc062723c751e8b465ee728b)
Start importing Assets/Resources/Prefabs/UI/Popup/UI_Reset.prefab using Guid(17a16b5319b68124182aef9c1c7781a4) Importer(815301076,1909f56bfc062723c751e8b465ee728b)  -> (artifact id: 'e5055f344851beba7eb6d6ddff179778') in 0.011928 seconds
Number of updated asset objects reloaded before import = 0
Number of asset objects unloaded after import = 40
========================================================================
Received Import Request.
  Time since last request: 115.594169 seconds.
  path: Assets/Resources/Prefabs/UI/Popup/UI_Reset.prefab
  artifactKey: Guid(17a16b5319b68124182aef9c1c7781a4) Importer(815301076,1909f56bfc062723c751e8b465ee728b)
Start importing Assets/Resources/Prefabs/UI/Popup/UI_Reset.prefab using Guid(17a16b5319b68124182aef9c1c7781a4) Importer(815301076,1909f56bfc062723c751e8b465ee728b)  -> (artifact id: '47ee4d84bda1fd86da2a918db4db94d7') in 0.009238 seconds
Number of updated asset objects reloaded before import = 0
Number of asset objects unloaded after import = 40
========================================================================
Received Import Request.
  Time since last request: 25.242006 seconds.
  path: Assets/Resources/Prefabs/UI/Popup/UI_Reset.prefab
  artifactKey: Guid(17a16b5319b68124182aef9c1c7781a4) Importer(815301076,1909f56bfc062723c751e8b465ee728b)
Start importing Assets/Resources/Prefabs/UI/Popup/UI_Reset.prefab using Guid(17a16b5319b68124182aef9c1c7781a4) Importer(815301076,1909f56bfc062723c751e8b465ee728b)  -> (artifact id: '9eb5d45f3b9a631adb5629f16e89369d') in 0.006173 seconds
Number of updated asset objects reloaded before import = 0
Number of asset objects unloaded after import = 44
========================================================================
Received Import Request.
  Time since last request: 18.962647 seconds.
  path: Assets/Resources/Prefabs/UI/Popup/UI_Reset.prefab
  artifactKey: Guid(17a16b5319b68124182aef9c1c7781a4) Importer(815301076,1909f56bfc062723c751e8b465ee728b)
Start importing Assets/Resources/Prefabs/UI/Popup/UI_Reset.prefab using Guid(17a16b5319b68124182aef9c1c7781a4) Importer(815301076,1909f56bfc062723c751e8b465ee728b)  -> (artifact id: 'bf6a7619eec67b171cba20ef59a332da') in 0.008924 seconds
Number of updated asset objects reloaded before import = 0
Number of asset objects unloaded after import = 44
========================================================================
Received Import Request.
  Time since last request: 9.097953 seconds.
  path: Assets/Resources/Prefabs/UI/Popup/UI_Reset.prefab
  artifactKey: Guid(17a16b5319b68124182aef9c1c7781a4) Importer(815301076,1909f56bfc062723c751e8b465ee728b)
Start importing Assets/Resources/Prefabs/UI/Popup/UI_Reset.prefab using Guid(17a16b5319b68124182aef9c1c7781a4) Importer(815301076,1909f56bfc062723c751e8b465ee728b)  -> (artifact id: '4316c2c5eb7270ce80ad5e9f402edc62') in 0.007743 seconds
Number of updated asset objects reloaded before import = 0
Number of asset objects unloaded after import = 44
========================================================================
Received Import Request.
  Time since last request: 6.857588 seconds.
  path: Assets/Resources/Prefabs/UI/Popup/UI_Reset.prefab
  artifactKey: Guid(17a16b5319b68124182aef9c1c7781a4) Importer(815301076,1909f56bfc062723c751e8b465ee728b)
Start importing Assets/Resources/Prefabs/UI/Popup/UI_Reset.prefab using Guid(17a16b5319b68124182aef9c1c7781a4) Importer(815301076,1909f56bfc062723c751e8b465ee728b)  -> (artifact id: 'ad34720bdd3c1f45e2fd9d2714c650aa') in 0.015877 seconds
Number of updated asset objects reloaded before import = 0
Number of asset objects unloaded after import = 44
========================================================================
Received Import Request.
  Time since last request: 15.928973 seconds.
  path: Assets/Resources/Prefabs/UI/Popup/UI_Reset.prefab
  artifactKey: Guid(17a16b5319b68124182aef9c1c7781a4) Importer(815301076,1909f56bfc062723c751e8b465ee728b)
Start importing Assets/Resources/Prefabs/UI/Popup/UI_Reset.prefab using Guid(17a16b5319b68124182aef9c1c7781a4) Importer(815301076,1909f56bfc062723c751e8b465ee728b)  -> (artifact id: '37f8c51d7c5947e57abc1024e23907c7') in 0.009143 seconds
Number of updated asset objects reloaded before import = 0
Number of asset objects unloaded after import = 44
========================================================================
Received Prepare
Begin MonoManager ReloadAssembly
- Loaded All Assemblies, in  1.048 seconds
Refreshing native plugins compatible for Editor in 17.47 ms, found 4 plugins.
Native extension for WindowsStandalone target not found
[Package Manager] Server::EnsureServerProcessIsRunning -- launch failed, reason: Unity was launched with the -noUpm command-line argument
[Package Manager] UpmClient::Send -- Unable to send message (not connected to UPM process).
[Package Manager] Cannot connect to Unity Package Manager local server
Mono: successfully reloaded assembly
[Package Manager] Server::EnsureServerProcessIsRunning -- launch failed, reason: Unity was launched with the -noUpm command-line argument
[Package Manager] UpmClient::Send -- Unable to send message (not connected to UPM process).
[Package Manager] Cannot connect to Unity Package Manager local server
- Finished resetting the current domain, in  4.332 seconds
Domain Reload Profiling: 5366ms
	BeginReloadAssembly (304ms)
		ExecutionOrderSort (0ms)
		DisableScriptedObjects (18ms)
		BackupInstance (0ms)
		ReleaseScriptingObjects (0ms)
		CreateAndSetChildDomain (59ms)
	RebuildCommonClasses (44ms)
	RebuildNativeTypeToScriptingClass (18ms)
	initialDomainReloadingComplete (60ms)
	LoadAllAssembliesAndSetupDomain (607ms)
		LoadAssemblies (767ms)
		RebuildTransferFunctionScriptingTraits (0ms)
		AnalyzeDomain (18ms)
			TypeCache.Refresh (11ms)
				TypeCache.ScanAssembly (0ms)
			ScanForSourceGeneratedMonoScriptInfo (0ms)
			ResolveRequiredComponents (6ms)
	FinalizeReload (4333ms)
		ReleaseScriptCaches (0ms)
		RebuildScriptCaches (0ms)
		SetupLoadedEditorAssemblies (834ms)
			LogAssemblyErrors (0ms)
			InitializePlatformSupportModulesInManaged (19ms)
			SetLoadedEditorAssemblies (7ms)
			RefreshPlugins (0ms)
			BeforeProcessingInitializeOnLoad (187ms)
			ProcessInitializeOnLoadAttributes (524ms)
			ProcessInitializeOnLoadMethodAttributes (63ms)
			AfterProcessingInitializeOnLoad (32ms)
			EditorAssembliesLoaded (1ms)
		ExecutionOrderSort2 (0ms)
		AwakeInstancesAfterBackupRestoration (31ms)
Refreshing native plugins compatible for Editor in 23.88 ms, found 4 plugins.
Preloading 0 native plugins for Editor in 0.00 ms.
Unloading 4300 Unused Serialized files (Serialized files now loaded: 0)
Unloading 48 unused Assets / (43.6 KB). Loaded Objects now: 4784.
Memory consumption went from 144.2 MB to 144.2 MB.
Total: 4.085800 ms (FindLiveObjects: 0.293800 ms CreateObjectMapping: 0.128100 ms MarkObjects: 3.463800 ms  DeleteObjects: 0.178100 ms)

Prepare: number of updated asset objects reloaded= 0
AssetImportParameters requested are different than current active one (requested -> active):
  custom:container-demuxer-ogg: 62fdf1f143b41e24485cea50d1cbac27 -> 
  custom:video-codec-MediaFoundation-h265: 746d11721c4dcdbdad8f713fa42b33f4 -> 
  custom:video-decoder-ogg-theora: a1e56fd34408186e4bbccfd4996cb3dc -> 
  custom:framework-win-MediaFoundation: 216162199b28c13a410421893ffa2e32 -> 
  custom:CustomObjectIndexerAttribute: 756ad292c208cfabdd7b50bc23989ffe -> 
  custom:container-demuxer-webm: 4f35f7cbe854078d1ac9338744f61a02 -> 
  custom:container-muxer-webm: aa71ff27fc2769a1b78a27578f13a17b -> 
  custom:video-decoder-webm-vp8: 9c59270c3fd7afecdb556c50c9e8de78 -> 
  custom:SearchIndexIgnoredProperties: e643bd26f0fe6173181afceb89e7c659 -> 
  custom:AudioImporter_EditorPlatform: d09bf68614088b80899f8185d706f6e7 -> 
  custom:video-encoder-webm-vp8: eb34c28f22e8b96e1ab97ce403110664 -> 
  custom:audio-decoder-ogg-vorbis: bf7c407c2cedff20999df2af8eb42d56 -> 
  custom:audio-encoder-webm-vorbis: bf7c407c2cedff20999df2af8eb42d56 -> 
========================================================================
Received Import Request.
  Time since last request: 20.810906 seconds.
  path: Assets/Resources/Images/UI/Recipe
  artifactKey: Guid(17ce8c971ea3902409fb9aec9e3610fc) Importer(815301076,1909f56bfc062723c751e8b465ee728b)
Start importing Assets/Resources/Images/UI/Recipe using Guid(17ce8c971ea3902409fb9aec9e3610fc) Importer(815301076,1909f56bfc062723c751e8b465ee728b)  -> (artifact id: 'cb665ee614673718114814fe16978e3b') in 0.002929 seconds
Number of updated asset objects reloaded before import = 0
Number of asset objects unloaded after import = 0
========================================================================
Received Import Request.
  Time since last request: 8.947203 seconds.
  path: Assets/Scenes/RecipeBook.unity
  artifactKey: Guid(f7fc4d84107e0f24fae024f3476f307a) Importer(815301076,1909f56bfc062723c751e8b465ee728b)
Start importing Assets/Scenes/RecipeBook.unity using Guid(f7fc4d84107e0f24fae024f3476f307a) Importer(815301076,1909f56bfc062723c751e8b465ee728b)  -> (artifact id: '500e23ffc01f202d4a1ba23fc4ff163d') in 0.000809 seconds
Number of updated asset objects reloaded before import = 0
Number of asset objects unloaded after import = 0
========================================================================
Received Prepare
Begin MonoManager ReloadAssembly
- Loaded All Assemblies, in  0.846 seconds
Refreshing native plugins compatible for Editor in 19.64 ms, found 4 plugins.
Native extension for WindowsStandalone target not found
[Package Manager] Server::EnsureServerProcessIsRunning -- launch failed, reason: Unity was launched with the -noUpm command-line argument
[Package Manager] UpmClient::Send -- Unable to send message (not connected to UPM process).
[Package Manager] Cannot connect to Unity Package Manager local server
Mono: successfully reloaded assembly
[Package Manager] Server::EnsureServerProcessIsRunning -- launch failed, reason: Unity was launched with the -noUpm command-line argument
[Package Manager] UpmClient::Send -- Unable to send message (not connected to UPM process).
[Package Manager] Cannot connect to Unity Package Manager local server
- Finished resetting the current domain, in  2.393 seconds
Domain Reload Profiling: 3226ms
	BeginReloadAssembly (230ms)
		ExecutionOrderSort (0ms)
		DisableScriptedObjects (9ms)
		BackupInstance (0ms)
		ReleaseScriptingObjects (0ms)
		CreateAndSetChildDomain (38ms)
	RebuildCommonClasses (40ms)
	RebuildNativeTypeToScriptingClass (15ms)
	initialDomainReloadingComplete (56ms)
	LoadAllAssembliesAndSetupDomain (490ms)
		LoadAssemblies (614ms)
		RebuildTransferFunctionScriptingTraits (0ms)
		AnalyzeDomain (16ms)
			TypeCache.Refresh (8ms)
				TypeCache.ScanAssembly (0ms)
			ScanForSourceGeneratedMonoScriptInfo (0ms)
			ResolveRequiredComponents (7ms)
	FinalizeReload (2394ms)
		ReleaseScriptCaches (0ms)
		RebuildScriptCaches (0ms)
		SetupLoadedEditorAssemblies (1001ms)
			LogAssemblyErrors (0ms)
			InitializePlatformSupportModulesInManaged (23ms)
			SetLoadedEditorAssemblies (8ms)
			RefreshPlugins (0ms)
			BeforeProcessingInitializeOnLoad (203ms)
			ProcessInitializeOnLoadAttributes (643ms)
			ProcessInitializeOnLoadMethodAttributes (79ms)
			AfterProcessingInitializeOnLoad (43ms)
			EditorAssembliesLoaded (1ms)
		ExecutionOrderSort2 (0ms)
		AwakeInstancesAfterBackupRestoration (39ms)
Refreshing native plugins compatible for Editor in 48.10 ms, found 4 plugins.
Preloading 0 native plugins for Editor in 0.00 ms.
Unloading 4300 Unused Serialized files (Serialized files now loaded: 0)
Unloading 48 unused Assets / (42.5 KB). Loaded Objects now: 4788.
Memory consumption went from 144.2 MB to 144.2 MB.
Total: 6.622800 ms (FindLiveObjects: 0.564700 ms CreateObjectMapping: 0.489000 ms MarkObjects: 5.426400 ms  DeleteObjects: 0.140200 ms)

Prepare: number of updated asset objects reloaded= 0
AssetImportParameters requested are different than current active one (requested -> active):
  custom:container-demuxer-ogg: 62fdf1f143b41e24485cea50d1cbac27 -> 
  custom:video-codec-MediaFoundation-h265: 746d11721c4dcdbdad8f713fa42b33f4 -> 
  custom:video-decoder-ogg-theora: a1e56fd34408186e4bbccfd4996cb3dc -> 
  custom:framework-win-MediaFoundation: 216162199b28c13a410421893ffa2e32 -> 
  custom:CustomObjectIndexerAttribute: 756ad292c208cfabdd7b50bc23989ffe -> 
  custom:container-demuxer-webm: 4f35f7cbe854078d1ac9338744f61a02 -> 
  custom:container-muxer-webm: aa71ff27fc2769a1b78a27578f13a17b -> 
  custom:video-decoder-webm-vp8: 9c59270c3fd7afecdb556c50c9e8de78 -> 
  custom:SearchIndexIgnoredProperties: e643bd26f0fe6173181afceb89e7c659 -> 
  custom:AudioImporter_EditorPlatform: d09bf68614088b80899f8185d706f6e7 -> 
  custom:video-encoder-webm-vp8: eb34c28f22e8b96e1ab97ce403110664 -> 
  custom:audio-decoder-ogg-vorbis: bf7c407c2cedff20999df2af8eb42d56 -> 
  custom:audio-encoder-webm-vorbis: bf7c407c2cedff20999df2af8eb42d56 -> 
========================================================================
Received Import Request.
  Time since last request: 235.653299 seconds.
  path: Assets/Adaptive Performance/Settings/Simulator Provider Settings.asset
  artifactKey: Guid(f09290bf02c340f479a4419e9d2efde6) Importer(815301076,1909f56bfc062723c751e8b465ee728b)
Start importing Assets/Adaptive Performance/Settings/Simulator Provider Settings.asset using Guid(f09290bf02c340f479a4419e9d2efde6) Importer(815301076,1909f56bfc062723c751e8b465ee728b)  -> (artifact id: 'e0c5ad0fbc4d79bb5636f6145c8859b9') in 0.015113 seconds
Number of updated asset objects reloaded before import = 0
Number of asset objects unloaded after import = 1
========================================================================
Received Import Request.
  Time since last request: 7.270027 seconds.
  path: Assets/Editor/com.unity.mobile.notifications/NotificationSettings.asset
  artifactKey: Guid(4cee8bca36f2ab74b8feb832747fa6f4) Importer(815301076,1909f56bfc062723c751e8b465ee728b)
Start importing Assets/Editor/com.unity.mobile.notifications/NotificationSettings.asset using Guid(4cee8bca36f2ab74b8feb832747fa6f4) Importer(815301076,1909f56bfc062723c751e8b465ee728b)  -> (artifact id: 'dc5a0ea1a528b0b3369dc280c68bc100') in 0.003329 seconds
Number of updated asset objects reloaded before import = 0
Number of asset objects unloaded after import = 1
========================================================================
Received Import Request.
  Time since last request: 20.987177 seconds.
  path: Assets/Resources/Prefabs/UI/Scene/UI_Game.prefab
  artifactKey: Guid(d1ebf1c038a8e494bac4d67bb5cbbf10) Importer(815301076,1909f56bfc062723c751e8b465ee728b)
Start importing Assets/Resources/Prefabs/UI/Scene/UI_Game.prefab using Guid(d1ebf1c038a8e494bac4d67bb5cbbf10) Importer(815301076,1909f56bfc062723c751e8b465ee728b)  -> (artifact id: 'bd05f80822be80f4588453c8c8ebc13b') in 0.063212 seconds
Number of updated asset objects reloaded before import = 0
Number of asset objects unloaded after import = 107
========================================================================
Received Import Request.
  Time since last request: 0.725771 seconds.
  path: Assets/Resources/Prefabs/UI/SubItem/UI_GaugeBar.prefab
  artifactKey: Guid(6dd6db70914066842a5ba3a7f3b6b431) Importer(815301076,1909f56bfc062723c751e8b465ee728b)
Start importing Assets/Resources/Prefabs/UI/SubItem/UI_GaugeBar.prefab using Guid(6dd6db70914066842a5ba3a7f3b6b431) Importer(815301076,1909f56bfc062723c751e8b465ee728b)  -> (artifact id: 'a8a25a17ddb95241e68d170df148b92b') in 0.007238 seconds
Number of updated asset objects reloaded before import = 0
Number of asset objects unloaded after import = 15
========================================================================
Received Import Request.
  Time since last request: 1.314839 seconds.
  path: Assets/Resources/Prefabs/UI/Scene/UI_Lobby.prefab
  artifactKey: Guid(64d5cc27c37c565438e79bbcd60b9bf2) Importer(815301076,1909f56bfc062723c751e8b465ee728b)
Start importing Assets/Resources/Prefabs/UI/Scene/UI_Lobby.prefab using Guid(64d5cc27c37c565438e79bbcd60b9bf2) Importer(815301076,1909f56bfc062723c751e8b465ee728b)  -> (artifact id: '596efcea48cb27dfefa2660e8168843d') in 0.021661 seconds
Number of updated asset objects reloaded before import = 0
Number of asset objects unloaded after import = 46
========================================================================
Received Import Request.
  Time since last request: 16.108978 seconds.
  path: Assets/Resources/Prefabs/UI/Popup/UI_Settings.prefab
  artifactKey: Guid(856f66b02a13e244cb1a7ede39b37ce2) Importer(815301076,1909f56bfc062723c751e8b465ee728b)
Start importing Assets/Resources/Prefabs/UI/Popup/UI_Settings.prefab using Guid(856f66b02a13e244cb1a7ede39b37ce2) Importer(815301076,1909f56bfc062723c751e8b465ee728b)  -> (artifact id: '2bfa6640af8fb02070b271a02da73554') in 0.010185 seconds
Number of updated asset objects reloaded before import = 0
Number of asset objects unloaded after import = 67
========================================================================
Received Import Request.
  Time since last request: 1.923617 seconds.
  path: Assets/Resources/Prefabs/UI/Popup/UI_Settings.prefab
  artifactKey: Guid(856f66b02a13e244cb1a7ede39b37ce2) Importer(815301076,1909f56bfc062723c751e8b465ee728b)
Start importing Assets/Resources/Prefabs/UI/Popup/UI_Settings.prefab using Guid(856f66b02a13e244cb1a7ede39b37ce2) Importer(815301076,1909f56bfc062723c751e8b465ee728b)  -> (artifact id: '04a068665339e58c573259aa69886822') in 0.006063 seconds
Number of updated asset objects reloaded before import = 0
Number of asset objects unloaded after import = 67
========================================================================
Received Import Request.
  Time since last request: 7.474831 seconds.
  path: Assets/Resources/Prefabs/UI/Popup/UI_Settings.prefab
  artifactKey: Guid(856f66b02a13e244cb1a7ede39b37ce2) Importer(815301076,1909f56bfc062723c751e8b465ee728b)
Start importing Assets/Resources/Prefabs/UI/Popup/UI_Settings.prefab using Guid(856f66b02a13e244cb1a7ede39b37ce2) Importer(815301076,1909f56bfc062723c751e8b465ee728b)  -> (artifact id: 'd8dd4b0d3f5ffa2e48be029cf74cb2f4') in 0.006387 seconds
Number of updated asset objects reloaded before import = 0
Number of asset objects unloaded after import = 67
========================================================================
Received Import Request.
  Time since last request: 9.877958 seconds.
  path: Assets/Resources/Prefabs/UI/Popup/UI_Settings.prefab
  artifactKey: Guid(856f66b02a13e244cb1a7ede39b37ce2) Importer(815301076,1909f56bfc062723c751e8b465ee728b)
Start importing Assets/Resources/Prefabs/UI/Popup/UI_Settings.prefab using Guid(856f66b02a13e244cb1a7ede39b37ce2) Importer(815301076,1909f56bfc062723c751e8b465ee728b)  -> (artifact id: '7263ad8a7c2b4701c356d61587f5049c') in 0.006567 seconds
Number of updated asset objects reloaded before import = 0
Number of asset objects unloaded after import = 67
